{"C:\\Users\\oko\\Desktop\\OpenClassroom\\Capstone Project\\Capstone-Project---DevTrainingWithAndela---Teamwork\\backend\\spec\\helpers\\reporter.js":{"path":"C:\\Users\\oko\\Desktop\\OpenClassroom\\Capstone Project\\Capstone-Project---DevTrainingWithAndela---Teamwork\\backend\\spec\\helpers\\reporter.js","statementMap":{"0":{"start":{"line":2,"column":25},"end":{"line":2,"column":57}},"1":{"start":{"line":5,"column":0},"end":{"line":5,"column":34}},"2":{"start":{"line":6,"column":0},"end":{"line":13,"column":2}}},"fnMap":{},"branchMap":{},"s":{"0":1,"1":1,"2":1},"f":{},"b":{},"_coverageSchema":"43e27e138ebf9cfc5966b082cf9a028302ed4184","hash":"7b0299e24759ceb56cb771f97518e7d1ed7da126","contentHash":"f6101525ffdb4cf0212815ba3811ebeeec4f75300d64f7b679100c150cf8d2cc"},"C:\\Users\\oko\\Desktop\\OpenClassroom\\Capstone Project\\Capstone-Project---DevTrainingWithAndela---Teamwork\\backend\\src\\routes\\article-comment.spec.js":{"path":"C:\\Users\\oko\\Desktop\\OpenClassroom\\Capstone Project\\Capstone-Project---DevTrainingWithAndela---Teamwork\\backend\\src\\routes\\article-comment.spec.js","statementMap":{"0":{"start":{"line":2,"column":14},"end":{"line":2,"column":30}},"1":{"start":{"line":3,"column":20},"end":{"line":3,"column":54}},"2":{"start":{"line":4,"column":24},"end":{"line":4,"column":59}},"3":{"start":{"line":5,"column":24},"end":{"line":5,"column":59}},"4":{"start":{"line":6,"column":27},"end":{"line":6,"column":65}},"5":{"start":{"line":8,"column":0},"end":{"line":63,"column":3}},"6":{"start":{"line":12,"column":2},"end":{"line":26,"column":5}},"7":{"start":{"line":13,"column":21},"end":{"line":19,"column":5}},"8":{"start":{"line":20,"column":4},"end":{"line":25,"column":7}},"9":{"start":{"line":21,"column":6},"end":{"line":21,"column":18}},"10":{"start":{"line":22,"column":6},"end":{"line":22,"column":55}},"11":{"start":{"line":23,"column":6},"end":{"line":23,"column":22}},"12":{"start":{"line":24,"column":6},"end":{"line":24,"column":13}},"13":{"start":{"line":27,"column":2},"end":{"line":35,"column":5}},"14":{"start":{"line":28,"column":4},"end":{"line":34,"column":7}},"15":{"start":{"line":32,"column":6},"end":{"line":32,"column":30}},"16":{"start":{"line":33,"column":6},"end":{"line":33,"column":13}},"17":{"start":{"line":36,"column":2},"end":{"line":62,"column":5}},"18":{"start":{"line":37,"column":4},"end":{"line":52,"column":7}},"19":{"start":{"line":38,"column":21},"end":{"line":40,"column":7}},"20":{"start":{"line":41,"column":23},"end":{"line":43,"column":7}},"21":{"start":{"line":44,"column":6},"end":{"line":51,"column":31}},"22":{"start":{"line":47,"column":10},"end":{"line":47,"column":36}},"23":{"start":{"line":48,"column":10},"end":{"line":48,"column":40}},"24":{"start":{"line":51,"column":23},"end":{"line":51,"column":29}},"25":{"start":{"line":53,"column":4},"end":{"line":55,"column":7}},"26":{"start":{"line":54,"column":6},"end":{"line":54,"column":36}},"27":{"start":{"line":56,"column":4},"end":{"line":58,"column":7}},"28":{"start":{"line":57,"column":6},"end":{"line":57,"column":46}},"29":{"start":{"line":59,"column":4},"end":{"line":61,"column":7}},"30":{"start":{"line":60,"column":6},"end":{"line":60,"column":47}}},"fnMap":{"0":{"name":"(anonymous_0)","decl":{"start":{"line":8,"column":37},"end":{"line":8,"column":38}},"loc":{"start":{"line":8,"column":43},"end":{"line":63,"column":1}},"line":8},"1":{"name":"(anonymous_1)","decl":{"start":{"line":12,"column":12},"end":{"line":12,"column":13}},"loc":{"start":{"line":12,"column":20},"end":{"line":26,"column":3}},"line":12},"2":{"name":"(anonymous_2)","decl":{"start":{"line":20,"column":42},"end":{"line":20,"column":43}},"loc":{"start":{"line":20,"column":49},"end":{"line":25,"column":5}},"line":20},"3":{"name":"(anonymous_3)","decl":{"start":{"line":27,"column":12},"end":{"line":27,"column":13}},"loc":{"start":{"line":27,"column":20},"end":{"line":35,"column":3}},"line":27},"4":{"name":"(anonymous_4)","decl":{"start":{"line":31,"column":11},"end":{"line":31,"column":12}},"loc":{"start":{"line":31,"column":23},"end":{"line":34,"column":5}},"line":31},"5":{"name":"(anonymous_5)","decl":{"start":{"line":36,"column":36},"end":{"line":36,"column":37}},"loc":{"start":{"line":36,"column":42},"end":{"line":62,"column":3}},"line":36},"6":{"name":"(anonymous_6)","decl":{"start":{"line":37,"column":14},"end":{"line":37,"column":15}},"loc":{"start":{"line":37,"column":22},"end":{"line":52,"column":5}},"line":37},"7":{"name":"(anonymous_7)","decl":{"start":{"line":46,"column":14},"end":{"line":46,"column":15}},"loc":{"start":{"line":46,"column":26},"end":{"line":49,"column":9}},"line":46},"8":{"name":"(anonymous_8)","decl":{"start":{"line":50,"column":15},"end":{"line":50,"column":16}},"loc":{"start":{"line":50,"column":21},"end":{"line":50,"column":23}},"line":50},"9":{"name":"(anonymous_9)","decl":{"start":{"line":51,"column":17},"end":{"line":51,"column":18}},"loc":{"start":{"line":51,"column":23},"end":{"line":51,"column":29}},"line":51},"10":{"name":"(anonymous_10)","decl":{"start":{"line":53,"column":43},"end":{"line":53,"column":44}},"loc":{"start":{"line":53,"column":49},"end":{"line":55,"column":5}},"line":53},"11":{"name":"(anonymous_11)","decl":{"start":{"line":56,"column":39},"end":{"line":56,"column":40}},"loc":{"start":{"line":56,"column":45},"end":{"line":58,"column":5}},"line":56},"12":{"name":"(anonymous_12)","decl":{"start":{"line":59,"column":54},"end":{"line":59,"column":55}},"loc":{"start":{"line":59,"column":60},"end":{"line":61,"column":5}},"line":59}},"branchMap":{},"s":{"0":1,"1":1,"2":1,"3":1,"4":1,"5":1,"6":1,"7":1,"8":1,"9":1,"10":1,"11":1,"12":1,"13":1,"14":1,"15":1,"16":1,"17":1,"18":1,"19":1,"20":1,"21":1,"22":1,"23":1,"24":1,"25":1,"26":1,"27":1,"28":1,"29":1,"30":1},"f":{"0":1,"1":1,"2":1,"3":1,"4":1,"5":1,"6":1,"7":1,"8":0,"9":1,"10":1,"11":1,"12":1},"b":{},"_coverageSchema":"43e27e138ebf9cfc5966b082cf9a028302ed4184","hash":"e09df4472790f829b63c2681518f98c5b0c897bf","contentHash":"cd35c78f0962d332175fc4087be400fea5fb98d32ca506fba8b16b74306e9af6"},"C:\\Users\\oko\\Desktop\\OpenClassroom\\Capstone Project\\Capstone-Project---DevTrainingWithAndela---Teamwork\\backend\\config\\env.config.js":{"path":"C:\\Users\\oko\\Desktop\\OpenClassroom\\Capstone Project\\Capstone-Project---DevTrainingWithAndela---Teamwork\\backend\\config\\env.config.js","statementMap":{"0":{"start":{"line":1,"column":21},"end":{"line":1,"column":71}},"1":{"start":{"line":2,"column":24},"end":{"line":2,"column":38}},"2":{"start":{"line":3,"column":16},"end":{"line":3,"column":46}},"3":{"start":{"line":4,"column":16},"end":{"line":4,"column":40}},"4":{"start":{"line":6,"column":0},"end":{"line":11,"column":2}}},"fnMap":{},"branchMap":{},"s":{"0":1,"1":1,"2":1,"3":1,"4":1},"f":{},"b":{},"_coverageSchema":"43e27e138ebf9cfc5966b082cf9a028302ed4184","hash":"49d563fd3507fcb3b08992fc0418639b50d9412b","contentHash":"4808f7d7caa280807c44f9e7064680090d579e05da9021ae525ea59e24a93a22"},"C:\\Users\\oko\\Desktop\\OpenClassroom\\Capstone Project\\Capstone-Project---DevTrainingWithAndela---Teamwork\\backend\\src\\services\\user.service.js":{"path":"C:\\Users\\oko\\Desktop\\OpenClassroom\\Capstone Project\\Capstone-Project---DevTrainingWithAndela---Teamwork\\backend\\src\\services\\user.service.js","statementMap":{"0":{"start":{"line":1,"column":15},"end":{"line":1,"column":32}},"1":{"start":{"line":2,"column":17},"end":{"line":2,"column":50}},"2":{"start":{"line":4,"column":19},"end":{"line":4,"column":21}},"3":{"start":{"line":5,"column":14},"end":{"line":5,"column":18}},"4":{"start":{"line":6,"column":14},"end":{"line":6,"column":18}},"5":{"start":{"line":7,"column":20},"end":{"line":105,"column":1}},"6":{"start":{"line":9,"column":4},"end":{"line":27,"column":7}},"7":{"start":{"line":10,"column":6},"end":{"line":26,"column":9}},"8":{"start":{"line":11,"column":8},"end":{"line":13,"column":9}},"9":{"start":{"line":12,"column":10},"end":{"line":12,"column":21}},"10":{"start":{"line":14,"column":26},"end":{"line":14,"column":30}},"11":{"start":{"line":15,"column":21},"end":{"line":15,"column":57}},"12":{"start":{"line":16,"column":8},"end":{"line":24,"column":13}},"13":{"start":{"line":19,"column":12},"end":{"line":19,"column":30}},"14":{"start":{"line":21,"column":22},"end":{"line":21,"column":31}},"15":{"start":{"line":23,"column":12},"end":{"line":23,"column":19}},"16":{"start":{"line":25,"column":8},"end":{"line":25,"column":22}},"17":{"start":{"line":30,"column":4},"end":{"line":78,"column":7}},"18":{"start":{"line":31,"column":6},"end":{"line":77,"column":9}},"19":{"start":{"line":32,"column":8},"end":{"line":34,"column":9}},"20":{"start":{"line":33,"column":10},"end":{"line":33,"column":21}},"21":{"start":{"line":35,"column":8},"end":{"line":75,"column":9}},"22":{"start":{"line":45,"column":14},"end":{"line":45,"column":18}},"23":{"start":{"line":46,"column":23},"end":{"line":46,"column":186}},"24":{"start":{"line":48,"column":10},"end":{"line":74,"column":13}},"25":{"start":{"line":49,"column":27},"end":{"line":58,"column":13}},"26":{"start":{"line":60,"column":12},"end":{"line":73,"column":17}},"27":{"start":{"line":63,"column":16},"end":{"line":65,"column":17}},"28":{"start":{"line":64,"column":18},"end":{"line":64,"column":39}},"29":{"start":{"line":66,"column":16},"end":{"line":66,"column":25}},"30":{"start":{"line":69,"column":16},"end":{"line":69,"column":26}},"31":{"start":{"line":76,"column":8},"end":{"line":76,"column":22}},"32":{"start":{"line":81,"column":4},"end":{"line":103,"column":7}},"33":{"start":{"line":82,"column":6},"end":{"line":102,"column":9}},"34":{"start":{"line":83,"column":8},"end":{"line":85,"column":9}},"35":{"start":{"line":84,"column":10},"end":{"line":84,"column":21}},"36":{"start":{"line":86,"column":21},"end":{"line":86,"column":54}},"37":{"start":{"line":87,"column":8},"end":{"line":100,"column":13}},"38":{"start":{"line":90,"column":12},"end":{"line":92,"column":13}},"39":{"start":{"line":91,"column":14},"end":{"line":91,"column":35}},"40":{"start":{"line":93,"column":12},"end":{"line":93,"column":21}},"41":{"start":{"line":96,"column":12},"end":{"line":96,"column":22}},"42":{"start":{"line":101,"column":8},"end":{"line":101,"column":22}},"43":{"start":{"line":106,"column":0},"end":{"line":106,"column":33}}},"fnMap":{"0":{"name":"(anonymous_0)","decl":{"start":{"line":8,"column":2},"end":{"line":8,"column":3}},"loc":{"start":{"line":8,"column":25},"end":{"line":28,"column":3}},"line":8},"1":{"name":"(anonymous_1)","decl":{"start":{"line":9,"column":23},"end":{"line":9,"column":24}},"loc":{"start":{"line":9,"column":44},"end":{"line":27,"column":5}},"line":9},"2":{"name":"(anonymous_2)","decl":{"start":{"line":10,"column":19},"end":{"line":10,"column":20}},"loc":{"start":{"line":10,"column":42},"end":{"line":26,"column":7}},"line":10},"3":{"name":"(anonymous_3)","decl":{"start":{"line":18,"column":16},"end":{"line":18,"column":17}},"loc":{"start":{"line":18,"column":28},"end":{"line":20,"column":11}},"line":18},"4":{"name":"(anonymous_4)","decl":{"start":{"line":21,"column":17},"end":{"line":21,"column":18}},"loc":{"start":{"line":21,"column":22},"end":{"line":21,"column":31}},"line":21},"5":{"name":"(anonymous_5)","decl":{"start":{"line":22,"column":19},"end":{"line":22,"column":20}},"loc":{"start":{"line":22,"column":25},"end":{"line":24,"column":11}},"line":22},"6":{"name":"(anonymous_6)","decl":{"start":{"line":29,"column":2},"end":{"line":29,"column":3}},"loc":{"start":{"line":29,"column":25},"end":{"line":79,"column":3}},"line":29},"7":{"name":"(anonymous_7)","decl":{"start":{"line":30,"column":23},"end":{"line":30,"column":24}},"loc":{"start":{"line":30,"column":44},"end":{"line":78,"column":5}},"line":30},"8":{"name":"(anonymous_8)","decl":{"start":{"line":31,"column":20},"end":{"line":31,"column":21}},"loc":{"start":{"line":31,"column":43},"end":{"line":77,"column":7}},"line":31},"9":{"name":"(anonymous_9)","decl":{"start":{"line":48,"column":49},"end":{"line":48,"column":50}},"loc":{"start":{"line":48,"column":57},"end":{"line":74,"column":11}},"line":48},"10":{"name":"(anonymous_10)","decl":{"start":{"line":62,"column":20},"end":{"line":62,"column":21}},"loc":{"start":{"line":62,"column":27},"end":{"line":67,"column":15}},"line":62},"11":{"name":"(anonymous_11)","decl":{"start":{"line":68,"column":21},"end":{"line":68,"column":22}},"loc":{"start":{"line":68,"column":26},"end":{"line":70,"column":15}},"line":68},"12":{"name":"(anonymous_12)","decl":{"start":{"line":71,"column":23},"end":{"line":71,"column":24}},"loc":{"start":{"line":71,"column":29},"end":{"line":73,"column":15}},"line":71},"13":{"name":"(anonymous_13)","decl":{"start":{"line":80,"column":2},"end":{"line":80,"column":3}},"loc":{"start":{"line":80,"column":28},"end":{"line":104,"column":3}},"line":80},"14":{"name":"(anonymous_14)","decl":{"start":{"line":81,"column":23},"end":{"line":81,"column":24}},"loc":{"start":{"line":81,"column":44},"end":{"line":103,"column":5}},"line":81},"15":{"name":"(anonymous_15)","decl":{"start":{"line":82,"column":20},"end":{"line":82,"column":21}},"loc":{"start":{"line":82,"column":43},"end":{"line":102,"column":7}},"line":82},"16":{"name":"(anonymous_16)","decl":{"start":{"line":89,"column":16},"end":{"line":89,"column":17}},"loc":{"start":{"line":89,"column":23},"end":{"line":94,"column":11}},"line":89},"17":{"name":"(anonymous_17)","decl":{"start":{"line":95,"column":17},"end":{"line":95,"column":18}},"loc":{"start":{"line":95,"column":22},"end":{"line":97,"column":11}},"line":95},"18":{"name":"(anonymous_18)","decl":{"start":{"line":98,"column":19},"end":{"line":98,"column":20}},"loc":{"start":{"line":98,"column":25},"end":{"line":100,"column":11}},"line":98}},"branchMap":{"0":{"loc":{"start":{"line":11,"column":8},"end":{"line":13,"column":9}},"type":"if","locations":[{"start":{"line":11,"column":8},"end":{"line":13,"column":9}},{"start":{"line":11,"column":8},"end":{"line":13,"column":9}}],"line":11},"1":{"loc":{"start":{"line":32,"column":8},"end":{"line":34,"column":9}},"type":"if","locations":[{"start":{"line":32,"column":8},"end":{"line":34,"column":9}},{"start":{"line":32,"column":8},"end":{"line":34,"column":9}}],"line":32},"2":{"loc":{"start":{"line":35,"column":8},"end":{"line":75,"column":9}},"type":"if","locations":[{"start":{"line":35,"column":8},"end":{"line":75,"column":9}},{"start":{"line":35,"column":8},"end":{"line":75,"column":9}}],"line":35},"3":{"loc":{"start":{"line":63,"column":16},"end":{"line":65,"column":17}},"type":"if","locations":[{"start":{"line":63,"column":16},"end":{"line":65,"column":17}},{"start":{"line":63,"column":16},"end":{"line":65,"column":17}}],"line":63},"4":{"loc":{"start":{"line":83,"column":8},"end":{"line":85,"column":9}},"type":"if","locations":[{"start":{"line":83,"column":8},"end":{"line":85,"column":9}},{"start":{"line":83,"column":8},"end":{"line":85,"column":9}}],"line":83},"5":{"loc":{"start":{"line":90,"column":12},"end":{"line":92,"column":13}},"type":"if","locations":[{"start":{"line":90,"column":12},"end":{"line":92,"column":13}},{"start":{"line":90,"column":12},"end":{"line":92,"column":13}}],"line":90}},"s":{"0":1,"1":1,"2":1,"3":1,"4":1,"5":1,"6":0,"7":0,"8":0,"9":0,"10":0,"11":0,"12":0,"13":0,"14":0,"15":0,"16":0,"17":14,"18":14,"19":14,"20":0,"21":14,"22":14,"23":14,"24":14,"25":14,"26":14,"27":14,"28":14,"29":14,"30":0,"31":14,"32":1,"33":1,"34":1,"35":0,"36":1,"37":1,"38":1,"39":1,"40":1,"41":0,"42":1,"43":1},"f":{"0":0,"1":0,"2":0,"3":0,"4":0,"5":0,"6":14,"7":14,"8":14,"9":14,"10":14,"11":0,"12":14,"13":1,"14":1,"15":1,"16":1,"17":0,"18":1},"b":{"0":[0,0],"1":[0,14],"2":[14,0],"3":[14,0],"4":[0,1],"5":[1,0]},"_coverageSchema":"43e27e138ebf9cfc5966b082cf9a028302ed4184","hash":"75d3c76b1c594c16f4d79c242e13b051e25471ff","contentHash":"71c718d2f29fbb0c8b7db51ac7476b4231426da80e0e1b9917b4b50eae03e9ab"},"C:\\Users\\oko\\Desktop\\OpenClassroom\\Capstone Project\\Capstone-Project---DevTrainingWithAndela---Teamwork\\backend\\config\\db.config.js":{"path":"C:\\Users\\oko\\Desktop\\OpenClassroom\\Capstone Project\\Capstone-Project---DevTrainingWithAndela---Teamwork\\backend\\config\\db.config.js","statementMap":{"0":{"start":{"line":1,"column":11},"end":{"line":1,"column":24}},"1":{"start":{"line":3,"column":15},"end":{"line":9,"column":1}},"2":{"start":{"line":10,"column":13},"end":{"line":10,"column":32}},"3":{"start":{"line":12,"column":0},"end":{"line":12,"column":34}}},"fnMap":{},"branchMap":{},"s":{"0":1,"1":1,"2":1,"3":1},"f":{},"b":{},"_coverageSchema":"43e27e138ebf9cfc5966b082cf9a028302ed4184","hash":"3ab76e10f8dfdfca0a47c28a79f9e4f8582859f2","contentHash":"fc7a326785f03014d3e25aeaa6a20544f40f7950899eefc6aa8067aad9070f92"},"C:\\Users\\oko\\Desktop\\OpenClassroom\\Capstone Project\\Capstone-Project---DevTrainingWithAndela---Teamwork\\backend\\src\\services\\auth.service.js":{"path":"C:\\Users\\oko\\Desktop\\OpenClassroom\\Capstone Project\\Capstone-Project---DevTrainingWithAndela---Teamwork\\backend\\src\\services\\auth.service.js","statementMap":{"0":{"start":{"line":1,"column":12},"end":{"line":1,"column":33}},"1":{"start":{"line":2,"column":14},"end":{"line":2,"column":31}},"2":{"start":{"line":3,"column":17},"end":{"line":3,"column":50}},"3":{"start":{"line":5,"column":28},"end":{"line":5,"column":62}},"4":{"start":{"line":7,"column":20},"end":{"line":36,"column":1}},"5":{"start":{"line":9,"column":22},"end":{"line":9,"column":42}},"6":{"start":{"line":10,"column":4},"end":{"line":10,"column":73}},"7":{"start":{"line":13,"column":32},"end":{"line":13,"column":43}},"8":{"start":{"line":14,"column":4},"end":{"line":34,"column":7}},"9":{"start":{"line":15,"column":19},"end":{"line":15,"column":55}},"10":{"start":{"line":16,"column":6},"end":{"line":33,"column":9}},"11":{"start":{"line":17,"column":8},"end":{"line":32,"column":11}},"12":{"start":{"line":18,"column":10},"end":{"line":30,"column":11}},"13":{"start":{"line":19,"column":25},"end":{"line":19,"column":41}},"14":{"start":{"line":21,"column":26},"end":{"line":21,"column":56}},"15":{"start":{"line":22,"column":27},"end":{"line":22,"column":34}},"16":{"start":{"line":23,"column":12},"end":{"line":29,"column":15}},"17":{"start":{"line":24,"column":14},"end":{"line":28,"column":15}},"18":{"start":{"line":25,"column":16},"end":{"line":25,"column":43}},"19":{"start":{"line":27,"column":16},"end":{"line":27,"column":25}},"20":{"start":{"line":31,"column":10},"end":{"line":31,"column":17}},"21":{"start":{"line":38,"column":0},"end":{"line":38,"column":33}}},"fnMap":{"0":{"name":"(anonymous_0)","decl":{"start":{"line":8,"column":2},"end":{"line":8,"column":3}},"loc":{"start":{"line":8,"column":21},"end":{"line":11,"column":3}},"line":8},"1":{"name":"(anonymous_1)","decl":{"start":{"line":12,"column":2},"end":{"line":12,"column":3}},"loc":{"start":{"line":12,"column":34},"end":{"line":35,"column":3}},"line":12},"2":{"name":"(anonymous_2)","decl":{"start":{"line":14,"column":23},"end":{"line":14,"column":24}},"loc":{"start":{"line":14,"column":44},"end":{"line":34,"column":5}},"line":14},"3":{"name":"(anonymous_3)","decl":{"start":{"line":16,"column":19},"end":{"line":16,"column":20}},"loc":{"start":{"line":16,"column":42},"end":{"line":33,"column":7}},"line":16},"4":{"name":"(anonymous_4)","decl":{"start":{"line":17,"column":41},"end":{"line":17,"column":42}},"loc":{"start":{"line":17,"column":53},"end":{"line":32,"column":9}},"line":17},"5":{"name":"(anonymous_5)","decl":{"start":{"line":23,"column":56},"end":{"line":23,"column":57}},"loc":{"start":{"line":23,"column":73},"end":{"line":29,"column":13}},"line":23}},"branchMap":{"0":{"loc":{"start":{"line":18,"column":10},"end":{"line":30,"column":11}},"type":"if","locations":[{"start":{"line":18,"column":10},"end":{"line":30,"column":11}},{"start":{"line":18,"column":10},"end":{"line":30,"column":11}}],"line":18},"1":{"loc":{"start":{"line":24,"column":14},"end":{"line":28,"column":15}},"type":"if","locations":[{"start":{"line":24,"column":14},"end":{"line":28,"column":15}},{"start":{"line":24,"column":14},"end":{"line":28,"column":15}}],"line":24}},"s":{"0":1,"1":1,"2":1,"3":1,"4":1,"5":13,"6":13,"7":0,"8":0,"9":0,"10":0,"11":0,"12":0,"13":0,"14":0,"15":0,"16":0,"17":0,"18":0,"19":0,"20":0,"21":1},"f":{"0":13,"1":0,"2":0,"3":0,"4":0,"5":0},"b":{"0":[0,0],"1":[0,0]},"_coverageSchema":"43e27e138ebf9cfc5966b082cf9a028302ed4184","hash":"16eb28b2197a780c1b9809383313a6721cee5020","contentHash":"088736e8475f8741aabbef25a19901eadddaf039dd29aa644778de3ec38218ea"},"C:\\Users\\oko\\Desktop\\OpenClassroom\\Capstone Project\\Capstone-Project---DevTrainingWithAndela---Teamwork\\backend\\src\\services\\article.service.js":{"path":"C:\\Users\\oko\\Desktop\\OpenClassroom\\Capstone Project\\Capstone-Project---DevTrainingWithAndela---Teamwork\\backend\\src\\services\\article.service.js","statementMap":{"0":{"start":{"line":1,"column":17},"end":{"line":1,"column":50}},"1":{"start":{"line":3,"column":23},"end":{"line":108,"column":1}},"2":{"start":{"line":5,"column":31},"end":{"line":5,"column":35}},"3":{"start":{"line":6,"column":19},"end":{"line":6,"column":47}},"4":{"start":{"line":7,"column":4},"end":{"line":30,"column":7}},"5":{"start":{"line":9,"column":8},"end":{"line":9,"column":92}},"6":{"start":{"line":10,"column":6},"end":{"line":29,"column":9}},"7":{"start":{"line":11,"column":8},"end":{"line":13,"column":9}},"8":{"start":{"line":12,"column":10},"end":{"line":12,"column":19}},"9":{"start":{"line":14,"column":8},"end":{"line":28,"column":13}},"10":{"start":{"line":17,"column":12},"end":{"line":21,"column":13}},"11":{"start":{"line":18,"column":14},"end":{"line":18,"column":40}},"12":{"start":{"line":20,"column":14},"end":{"line":20,"column":23}},"13":{"start":{"line":24,"column":12},"end":{"line":24,"column":25}},"14":{"start":{"line":27,"column":12},"end":{"line":27,"column":19}},"15":{"start":{"line":33,"column":31},"end":{"line":33,"column":35}},"16":{"start":{"line":34,"column":19},"end":{"line":34,"column":46}},"17":{"start":{"line":35,"column":4},"end":{"line":58,"column":7}},"18":{"start":{"line":37,"column":8},"end":{"line":37,"column":84}},"19":{"start":{"line":38,"column":6},"end":{"line":57,"column":9}},"20":{"start":{"line":39,"column":8},"end":{"line":41,"column":9}},"21":{"start":{"line":40,"column":10},"end":{"line":40,"column":22}},"22":{"start":{"line":42,"column":8},"end":{"line":56,"column":13}},"23":{"start":{"line":45,"column":12},"end":{"line":49,"column":13}},"24":{"start":{"line":46,"column":14},"end":{"line":46,"column":40}},"25":{"start":{"line":48,"column":14},"end":{"line":48,"column":23}},"26":{"start":{"line":52,"column":12},"end":{"line":52,"column":25}},"27":{"start":{"line":55,"column":12},"end":{"line":55,"column":19}},"28":{"start":{"line":61,"column":19},"end":{"line":61,"column":30}},"29":{"start":{"line":62,"column":4},"end":{"line":80,"column":7}},"30":{"start":{"line":63,"column":19},"end":{"line":63,"column":55}},"31":{"start":{"line":64,"column":6},"end":{"line":79,"column":9}},"32":{"start":{"line":65,"column":8},"end":{"line":67,"column":9}},"33":{"start":{"line":66,"column":10},"end":{"line":66,"column":22}},"34":{"start":{"line":68,"column":8},"end":{"line":78,"column":13}},"35":{"start":{"line":71,"column":12},"end":{"line":71,"column":22}},"36":{"start":{"line":74,"column":12},"end":{"line":74,"column":25}},"37":{"start":{"line":77,"column":12},"end":{"line":77,"column":19}},"38":{"start":{"line":83,"column":19},"end":{"line":83,"column":30}},"39":{"start":{"line":84,"column":4},"end":{"line":106,"column":7}},"40":{"start":{"line":85,"column":19},"end":{"line":85,"column":57}},"41":{"start":{"line":86,"column":6},"end":{"line":105,"column":9}},"42":{"start":{"line":87,"column":8},"end":{"line":89,"column":9}},"43":{"start":{"line":88,"column":10},"end":{"line":88,"column":22}},"44":{"start":{"line":90,"column":8},"end":{"line":104,"column":13}},"45":{"start":{"line":93,"column":12},"end":{"line":97,"column":13}},"46":{"start":{"line":94,"column":14},"end":{"line":94,"column":40}},"47":{"start":{"line":96,"column":14},"end":{"line":96,"column":23}},"48":{"start":{"line":100,"column":12},"end":{"line":100,"column":25}},"49":{"start":{"line":103,"column":12},"end":{"line":103,"column":19}},"50":{"start":{"line":110,"column":0},"end":{"line":110,"column":36}}},"fnMap":{"0":{"name":"(anonymous_0)","decl":{"start":{"line":4,"column":2},"end":{"line":4,"column":3}},"loc":{"start":{"line":4,"column":40},"end":{"line":31,"column":3}},"line":4},"1":{"name":"(anonymous_1)","decl":{"start":{"line":7,"column":23},"end":{"line":7,"column":24}},"loc":{"start":{"line":7,"column":44},"end":{"line":30,"column":5}},"line":7},"2":{"name":"(anonymous_2)","decl":{"start":{"line":10,"column":19},"end":{"line":10,"column":20}},"loc":{"start":{"line":10,"column":42},"end":{"line":29,"column":7}},"line":10},"3":{"name":"(anonymous_3)","decl":{"start":{"line":16,"column":16},"end":{"line":16,"column":17}},"loc":{"start":{"line":16,"column":28},"end":{"line":22,"column":11}},"line":16},"4":{"name":"(anonymous_4)","decl":{"start":{"line":23,"column":17},"end":{"line":23,"column":18}},"loc":{"start":{"line":23,"column":25},"end":{"line":25,"column":11}},"line":23},"5":{"name":"(anonymous_5)","decl":{"start":{"line":26,"column":19},"end":{"line":26,"column":20}},"loc":{"start":{"line":26,"column":25},"end":{"line":28,"column":11}},"line":26},"6":{"name":"(anonymous_6)","decl":{"start":{"line":32,"column":2},"end":{"line":32,"column":3}},"loc":{"start":{"line":32,"column":39},"end":{"line":59,"column":3}},"line":32},"7":{"name":"(anonymous_7)","decl":{"start":{"line":35,"column":23},"end":{"line":35,"column":24}},"loc":{"start":{"line":35,"column":44},"end":{"line":58,"column":5}},"line":35},"8":{"name":"(anonymous_8)","decl":{"start":{"line":38,"column":19},"end":{"line":38,"column":20}},"loc":{"start":{"line":38,"column":42},"end":{"line":57,"column":7}},"line":38},"9":{"name":"(anonymous_9)","decl":{"start":{"line":44,"column":16},"end":{"line":44,"column":17}},"loc":{"start":{"line":44,"column":28},"end":{"line":50,"column":11}},"line":44},"10":{"name":"(anonymous_10)","decl":{"start":{"line":51,"column":17},"end":{"line":51,"column":18}},"loc":{"start":{"line":51,"column":25},"end":{"line":53,"column":11}},"line":51},"11":{"name":"(anonymous_11)","decl":{"start":{"line":54,"column":19},"end":{"line":54,"column":20}},"loc":{"start":{"line":54,"column":25},"end":{"line":56,"column":11}},"line":54},"12":{"name":"(anonymous_12)","decl":{"start":{"line":60,"column":2},"end":{"line":60,"column":3}},"loc":{"start":{"line":60,"column":33},"end":{"line":81,"column":3}},"line":60},"13":{"name":"(anonymous_13)","decl":{"start":{"line":62,"column":23},"end":{"line":62,"column":24}},"loc":{"start":{"line":62,"column":44},"end":{"line":80,"column":5}},"line":62},"14":{"name":"(anonymous_14)","decl":{"start":{"line":64,"column":19},"end":{"line":64,"column":20}},"loc":{"start":{"line":64,"column":42},"end":{"line":79,"column":7}},"line":64},"15":{"name":"(anonymous_15)","decl":{"start":{"line":70,"column":16},"end":{"line":70,"column":17}},"loc":{"start":{"line":70,"column":22},"end":{"line":72,"column":11}},"line":70},"16":{"name":"(anonymous_16)","decl":{"start":{"line":73,"column":17},"end":{"line":73,"column":18}},"loc":{"start":{"line":73,"column":25},"end":{"line":75,"column":11}},"line":73},"17":{"name":"(anonymous_17)","decl":{"start":{"line":76,"column":19},"end":{"line":76,"column":20}},"loc":{"start":{"line":76,"column":25},"end":{"line":78,"column":11}},"line":76},"18":{"name":"(anonymous_18)","decl":{"start":{"line":82,"column":2},"end":{"line":82,"column":3}},"loc":{"start":{"line":82,"column":34},"end":{"line":107,"column":3}},"line":82},"19":{"name":"(anonymous_19)","decl":{"start":{"line":84,"column":23},"end":{"line":84,"column":24}},"loc":{"start":{"line":84,"column":44},"end":{"line":106,"column":5}},"line":84},"20":{"name":"(anonymous_20)","decl":{"start":{"line":86,"column":19},"end":{"line":86,"column":20}},"loc":{"start":{"line":86,"column":42},"end":{"line":105,"column":7}},"line":86},"21":{"name":"(anonymous_21)","decl":{"start":{"line":92,"column":16},"end":{"line":92,"column":17}},"loc":{"start":{"line":92,"column":28},"end":{"line":98,"column":11}},"line":92},"22":{"name":"(anonymous_22)","decl":{"start":{"line":99,"column":17},"end":{"line":99,"column":18}},"loc":{"start":{"line":99,"column":25},"end":{"line":101,"column":11}},"line":99},"23":{"name":"(anonymous_23)","decl":{"start":{"line":102,"column":19},"end":{"line":102,"column":20}},"loc":{"start":{"line":102,"column":25},"end":{"line":104,"column":11}},"line":102}},"branchMap":{"0":{"loc":{"start":{"line":11,"column":8},"end":{"line":13,"column":9}},"type":"if","locations":[{"start":{"line":11,"column":8},"end":{"line":13,"column":9}},{"start":{"line":11,"column":8},"end":{"line":13,"column":9}}],"line":11},"1":{"loc":{"start":{"line":17,"column":12},"end":{"line":21,"column":13}},"type":"if","locations":[{"start":{"line":17,"column":12},"end":{"line":21,"column":13}},{"start":{"line":17,"column":12},"end":{"line":21,"column":13}}],"line":17},"2":{"loc":{"start":{"line":39,"column":8},"end":{"line":41,"column":9}},"type":"if","locations":[{"start":{"line":39,"column":8},"end":{"line":41,"column":9}},{"start":{"line":39,"column":8},"end":{"line":41,"column":9}}],"line":39},"3":{"loc":{"start":{"line":45,"column":12},"end":{"line":49,"column":13}},"type":"if","locations":[{"start":{"line":45,"column":12},"end":{"line":49,"column":13}},{"start":{"line":45,"column":12},"end":{"line":49,"column":13}}],"line":45},"4":{"loc":{"start":{"line":65,"column":8},"end":{"line":67,"column":9}},"type":"if","locations":[{"start":{"line":65,"column":8},"end":{"line":67,"column":9}},{"start":{"line":65,"column":8},"end":{"line":67,"column":9}}],"line":65},"5":{"loc":{"start":{"line":87,"column":8},"end":{"line":89,"column":9}},"type":"if","locations":[{"start":{"line":87,"column":8},"end":{"line":89,"column":9}},{"start":{"line":87,"column":8},"end":{"line":89,"column":9}}],"line":87},"6":{"loc":{"start":{"line":93,"column":12},"end":{"line":97,"column":13}},"type":"if","locations":[{"start":{"line":93,"column":12},"end":{"line":97,"column":13}},{"start":{"line":93,"column":12},"end":{"line":97,"column":13}}],"line":93}},"s":{"0":1,"1":1,"2":6,"3":6,"4":6,"5":6,"6":6,"7":6,"8":0,"9":6,"10":6,"11":6,"12":0,"13":0,"14":6,"15":0,"16":0,"17":0,"18":0,"19":0,"20":0,"21":0,"22":0,"23":0,"24":0,"25":0,"26":0,"27":0,"28":0,"29":0,"30":0,"31":0,"32":0,"33":0,"34":0,"35":0,"36":0,"37":0,"38":0,"39":0,"40":0,"41":0,"42":0,"43":0,"44":0,"45":0,"46":0,"47":0,"48":0,"49":0,"50":1},"f":{"0":6,"1":6,"2":6,"3":6,"4":0,"5":6,"6":0,"7":0,"8":0,"9":0,"10":0,"11":0,"12":0,"13":0,"14":0,"15":0,"16":0,"17":0,"18":0,"19":0,"20":0,"21":0,"22":0,"23":0},"b":{"0":[0,6],"1":[6,0],"2":[0,0],"3":[0,0],"4":[0,0],"5":[0,0],"6":[0,0]},"_coverageSchema":"43e27e138ebf9cfc5966b082cf9a028302ed4184","hash":"e33efe729be09d5f2e21556facc8549dec2ff01e","contentHash":"df5e985979ddb2198bb4eae582e807ea602bbdc3887f60c62008a3926204db8c"},"C:\\Users\\oko\\Desktop\\OpenClassroom\\Capstone Project\\Capstone-Project---DevTrainingWithAndela---Teamwork\\backend\\src\\routes\\article.route.spec.js":{"path":"C:\\Users\\oko\\Desktop\\OpenClassroom\\Capstone Project\\Capstone-Project---DevTrainingWithAndela---Teamwork\\backend\\src\\routes\\article.route.spec.js","statementMap":{"0":{"start":{"line":3,"column":14},"end":{"line":3,"column":30}},"1":{"start":{"line":4,"column":20},"end":{"line":4,"column":54}},"2":{"start":{"line":5,"column":24},"end":{"line":5,"column":59}},"3":{"start":{"line":6,"column":24},"end":{"line":6,"column":59}},"4":{"start":{"line":7,"column":27},"end":{"line":7,"column":65}},"5":{"start":{"line":9,"column":0},"end":{"line":310,"column":3}},"6":{"start":{"line":10,"column":2},"end":{"line":77,"column":5}},"7":{"start":{"line":11,"column":4},"end":{"line":55,"column":7}},"8":{"start":{"line":13,"column":6},"end":{"line":26,"column":9}},"9":{"start":{"line":14,"column":25},"end":{"line":20,"column":9}},"10":{"start":{"line":21,"column":8},"end":{"line":25,"column":11}},"11":{"start":{"line":22,"column":10},"end":{"line":22,"column":22}},"12":{"start":{"line":23,"column":10},"end":{"line":23,"column":59}},"13":{"start":{"line":24,"column":10},"end":{"line":24,"column":17}},"14":{"start":{"line":27,"column":19},"end":{"line":27,"column":33}},"15":{"start":{"line":28,"column":6},"end":{"line":45,"column":9}},"16":{"start":{"line":29,"column":23},"end":{"line":31,"column":9}},"17":{"start":{"line":33,"column":25},"end":{"line":36,"column":9}},"18":{"start":{"line":37,"column":8},"end":{"line":44,"column":33}},"19":{"start":{"line":40,"column":12},"end":{"line":40,"column":38}},"20":{"start":{"line":41,"column":12},"end":{"line":41,"column":42}},"21":{"start":{"line":44,"column":25},"end":{"line":44,"column":31}},"22":{"start":{"line":46,"column":6},"end":{"line":48,"column":9}},"23":{"start":{"line":47,"column":8},"end":{"line":47,"column":38}},"24":{"start":{"line":49,"column":6},"end":{"line":51,"column":9}},"25":{"start":{"line":50,"column":8},"end":{"line":50,"column":48}},"26":{"start":{"line":52,"column":6},"end":{"line":54,"column":9}},"27":{"start":{"line":53,"column":8},"end":{"line":53,"column":49}},"28":{"start":{"line":56,"column":4},"end":{"line":76,"column":7}},"29":{"start":{"line":57,"column":19},"end":{"line":57,"column":33}},"30":{"start":{"line":58,"column":6},"end":{"line":72,"column":9}},"31":{"start":{"line":59,"column":25},"end":{"line":62,"column":9}},"32":{"start":{"line":63,"column":8},"end":{"line":71,"column":33}},"33":{"start":{"line":66,"column":12},"end":{"line":66,"column":42}},"34":{"start":{"line":69,"column":12},"end":{"line":69,"column":44}},"35":{"start":{"line":71,"column":25},"end":{"line":71,"column":31}},"36":{"start":{"line":73,"column":6},"end":{"line":75,"column":9}},"37":{"start":{"line":74,"column":8},"end":{"line":74,"column":38}},"38":{"start":{"line":78,"column":2},"end":{"line":156,"column":5}},"39":{"start":{"line":80,"column":4},"end":{"line":134,"column":7}},"40":{"start":{"line":83,"column":6},"end":{"line":97,"column":9}},"41":{"start":{"line":84,"column":25},"end":{"line":90,"column":9}},"42":{"start":{"line":91,"column":8},"end":{"line":96,"column":11}},"43":{"start":{"line":92,"column":10},"end":{"line":92,"column":22}},"44":{"start":{"line":93,"column":10},"end":{"line":93,"column":59}},"45":{"start":{"line":94,"column":10},"end":{"line":94,"column":26}},"46":{"start":{"line":95,"column":10},"end":{"line":95,"column":17}},"47":{"start":{"line":98,"column":6},"end":{"line":106,"column":9}},"48":{"start":{"line":99,"column":8},"end":{"line":105,"column":11}},"49":{"start":{"line":103,"column":10},"end":{"line":103,"column":34}},"50":{"start":{"line":104,"column":10},"end":{"line":104,"column":17}},"51":{"start":{"line":107,"column":19},"end":{"line":107,"column":33}},"52":{"start":{"line":108,"column":6},"end":{"line":124,"column":9}},"53":{"start":{"line":109,"column":23},"end":{"line":111,"column":9}},"54":{"start":{"line":113,"column":25},"end":{"line":116,"column":9}},"55":{"start":{"line":117,"column":8},"end":{"line":123,"column":33}},"56":{"start":{"line":120,"column":12},"end":{"line":120,"column":38}},"57":{"start":{"line":121,"column":12},"end":{"line":121,"column":42}},"58":{"start":{"line":123,"column":25},"end":{"line":123,"column":31}},"59":{"start":{"line":125,"column":6},"end":{"line":127,"column":9}},"60":{"start":{"line":126,"column":8},"end":{"line":126,"column":38}},"61":{"start":{"line":128,"column":6},"end":{"line":130,"column":9}},"62":{"start":{"line":129,"column":8},"end":{"line":129,"column":48}},"63":{"start":{"line":131,"column":6},"end":{"line":133,"column":9}},"64":{"start":{"line":132,"column":8},"end":{"line":132,"column":49}},"65":{"start":{"line":135,"column":4},"end":{"line":155,"column":7}},"66":{"start":{"line":136,"column":19},"end":{"line":136,"column":33}},"67":{"start":{"line":137,"column":6},"end":{"line":151,"column":9}},"68":{"start":{"line":138,"column":25},"end":{"line":141,"column":9}},"69":{"start":{"line":142,"column":8},"end":{"line":150,"column":33}},"70":{"start":{"line":145,"column":12},"end":{"line":145,"column":42}},"71":{"start":{"line":148,"column":12},"end":{"line":148,"column":44}},"72":{"start":{"line":150,"column":25},"end":{"line":150,"column":31}},"73":{"start":{"line":152,"column":6},"end":{"line":154,"column":9}},"74":{"start":{"line":153,"column":8},"end":{"line":153,"column":38}},"75":{"start":{"line":157,"column":2},"end":{"line":239,"column":5}},"76":{"start":{"line":161,"column":4},"end":{"line":175,"column":7}},"77":{"start":{"line":162,"column":23},"end":{"line":168,"column":7}},"78":{"start":{"line":169,"column":6},"end":{"line":174,"column":9}},"79":{"start":{"line":170,"column":8},"end":{"line":170,"column":20}},"80":{"start":{"line":171,"column":8},"end":{"line":171,"column":57}},"81":{"start":{"line":172,"column":8},"end":{"line":172,"column":24}},"82":{"start":{"line":173,"column":8},"end":{"line":173,"column":15}},"83":{"start":{"line":176,"column":4},"end":{"line":208,"column":7}},"84":{"start":{"line":177,"column":6},"end":{"line":185,"column":9}},"85":{"start":{"line":178,"column":8},"end":{"line":184,"column":11}},"86":{"start":{"line":182,"column":10},"end":{"line":182,"column":34}},"87":{"start":{"line":183,"column":10},"end":{"line":183,"column":17}},"88":{"start":{"line":187,"column":19},"end":{"line":187,"column":33}},"89":{"start":{"line":188,"column":6},"end":{"line":201,"column":9}},"90":{"start":{"line":189,"column":23},"end":{"line":191,"column":9}},"91":{"start":{"line":193,"column":8},"end":{"line":200,"column":33}},"92":{"start":{"line":196,"column":12},"end":{"line":196,"column":38}},"93":{"start":{"line":197,"column":12},"end":{"line":197,"column":42}},"94":{"start":{"line":200,"column":25},"end":{"line":200,"column":31}},"95":{"start":{"line":202,"column":6},"end":{"line":204,"column":9}},"96":{"start":{"line":203,"column":8},"end":{"line":203,"column":38}},"97":{"start":{"line":205,"column":6},"end":{"line":207,"column":9}},"98":{"start":{"line":206,"column":8},"end":{"line":206,"column":49}},"99":{"start":{"line":209,"column":4},"end":{"line":238,"column":7}},"100":{"start":{"line":210,"column":6},"end":{"line":218,"column":9}},"101":{"start":{"line":211,"column":8},"end":{"line":217,"column":11}},"102":{"start":{"line":215,"column":10},"end":{"line":215,"column":34}},"103":{"start":{"line":216,"column":10},"end":{"line":216,"column":17}},"104":{"start":{"line":219,"column":19},"end":{"line":219,"column":33}},"105":{"start":{"line":220,"column":6},"end":{"line":234,"column":9}},"106":{"start":{"line":221,"column":25},"end":{"line":224,"column":9}},"107":{"start":{"line":225,"column":8},"end":{"line":233,"column":33}},"108":{"start":{"line":228,"column":12},"end":{"line":228,"column":42}},"109":{"start":{"line":231,"column":12},"end":{"line":231,"column":44}},"110":{"start":{"line":233,"column":25},"end":{"line":233,"column":31}},"111":{"start":{"line":235,"column":6},"end":{"line":237,"column":9}},"112":{"start":{"line":236,"column":8},"end":{"line":236,"column":38}},"113":{"start":{"line":240,"column":2},"end":{"line":309,"column":5}},"114":{"start":{"line":242,"column":4},"end":{"line":291,"column":7}},"115":{"start":{"line":245,"column":6},"end":{"line":259,"column":9}},"116":{"start":{"line":246,"column":25},"end":{"line":252,"column":9}},"117":{"start":{"line":253,"column":8},"end":{"line":258,"column":11}},"118":{"start":{"line":254,"column":10},"end":{"line":254,"column":22}},"119":{"start":{"line":255,"column":10},"end":{"line":255,"column":59}},"120":{"start":{"line":256,"column":10},"end":{"line":256,"column":26}},"121":{"start":{"line":257,"column":10},"end":{"line":257,"column":17}},"122":{"start":{"line":260,"column":6},"end":{"line":268,"column":9}},"123":{"start":{"line":261,"column":8},"end":{"line":267,"column":11}},"124":{"start":{"line":265,"column":10},"end":{"line":265,"column":34}},"125":{"start":{"line":266,"column":10},"end":{"line":266,"column":17}},"126":{"start":{"line":269,"column":19},"end":{"line":269,"column":33}},"127":{"start":{"line":270,"column":6},"end":{"line":281,"column":9}},"128":{"start":{"line":271,"column":23},"end":{"line":273,"column":9}},"129":{"start":{"line":274,"column":8},"end":{"line":280,"column":33}},"130":{"start":{"line":277,"column":12},"end":{"line":277,"column":38}},"131":{"start":{"line":278,"column":12},"end":{"line":278,"column":42}},"132":{"start":{"line":280,"column":25},"end":{"line":280,"column":31}},"133":{"start":{"line":282,"column":6},"end":{"line":284,"column":9}},"134":{"start":{"line":283,"column":8},"end":{"line":283,"column":38}},"135":{"start":{"line":285,"column":6},"end":{"line":287,"column":9}},"136":{"start":{"line":286,"column":8},"end":{"line":286,"column":48}},"137":{"start":{"line":288,"column":6},"end":{"line":290,"column":9}},"138":{"start":{"line":289,"column":8},"end":{"line":289,"column":49}},"139":{"start":{"line":292,"column":4},"end":{"line":308,"column":7}},"140":{"start":{"line":293,"column":19},"end":{"line":293,"column":33}},"141":{"start":{"line":294,"column":6},"end":{"line":304,"column":9}},"142":{"start":{"line":295,"column":8},"end":{"line":303,"column":33}},"143":{"start":{"line":298,"column":12},"end":{"line":298,"column":42}},"144":{"start":{"line":301,"column":12},"end":{"line":301,"column":44}},"145":{"start":{"line":303,"column":25},"end":{"line":303,"column":31}},"146":{"start":{"line":305,"column":6},"end":{"line":307,"column":9}},"147":{"start":{"line":306,"column":8},"end":{"line":306,"column":38}}},"fnMap":{"0":{"name":"(anonymous_0)","decl":{"start":{"line":9,"column":29},"end":{"line":9,"column":30}},"loc":{"start":{"line":9,"column":35},"end":{"line":310,"column":1}},"line":9},"1":{"name":"(anonymous_1)","decl":{"start":{"line":10,"column":29},"end":{"line":10,"column":30}},"loc":{"start":{"line":10,"column":35},"end":{"line":77,"column":3}},"line":10},"2":{"name":"(anonymous_2)","decl":{"start":{"line":11,"column":41},"end":{"line":11,"column":42}},"loc":{"start":{"line":11,"column":47},"end":{"line":55,"column":5}},"line":11},"3":{"name":"(anonymous_3)","decl":{"start":{"line":13,"column":16},"end":{"line":13,"column":17}},"loc":{"start":{"line":13,"column":24},"end":{"line":26,"column":7}},"line":13},"4":{"name":"(anonymous_4)","decl":{"start":{"line":21,"column":46},"end":{"line":21,"column":47}},"loc":{"start":{"line":21,"column":53},"end":{"line":25,"column":9}},"line":21},"5":{"name":"(anonymous_5)","decl":{"start":{"line":28,"column":16},"end":{"line":28,"column":17}},"loc":{"start":{"line":28,"column":24},"end":{"line":45,"column":7}},"line":28},"6":{"name":"(anonymous_6)","decl":{"start":{"line":39,"column":16},"end":{"line":39,"column":17}},"loc":{"start":{"line":39,"column":28},"end":{"line":42,"column":11}},"line":39},"7":{"name":"(anonymous_7)","decl":{"start":{"line":43,"column":17},"end":{"line":43,"column":18}},"loc":{"start":{"line":43,"column":23},"end":{"line":43,"column":25}},"line":43},"8":{"name":"(anonymous_8)","decl":{"start":{"line":44,"column":19},"end":{"line":44,"column":20}},"loc":{"start":{"line":44,"column":25},"end":{"line":44,"column":31}},"line":44},"9":{"name":"(anonymous_9)","decl":{"start":{"line":46,"column":45},"end":{"line":46,"column":46}},"loc":{"start":{"line":46,"column":51},"end":{"line":48,"column":7}},"line":46},"10":{"name":"(anonymous_10)","decl":{"start":{"line":49,"column":41},"end":{"line":49,"column":42}},"loc":{"start":{"line":49,"column":47},"end":{"line":51,"column":7}},"line":49},"11":{"name":"(anonymous_11)","decl":{"start":{"line":52,"column":56},"end":{"line":52,"column":57}},"loc":{"start":{"line":52,"column":62},"end":{"line":54,"column":7}},"line":52},"12":{"name":"(anonymous_12)","decl":{"start":{"line":56,"column":43},"end":{"line":56,"column":44}},"loc":{"start":{"line":56,"column":49},"end":{"line":76,"column":5}},"line":56},"13":{"name":"(anonymous_13)","decl":{"start":{"line":58,"column":16},"end":{"line":58,"column":17}},"loc":{"start":{"line":58,"column":24},"end":{"line":72,"column":7}},"line":58},"14":{"name":"(anonymous_14)","decl":{"start":{"line":65,"column":16},"end":{"line":65,"column":17}},"loc":{"start":{"line":65,"column":28},"end":{"line":67,"column":11}},"line":65},"15":{"name":"(anonymous_15)","decl":{"start":{"line":68,"column":17},"end":{"line":68,"column":18}},"loc":{"start":{"line":68,"column":22},"end":{"line":70,"column":11}},"line":68},"16":{"name":"(anonymous_16)","decl":{"start":{"line":71,"column":19},"end":{"line":71,"column":20}},"loc":{"start":{"line":71,"column":25},"end":{"line":71,"column":31}},"line":71},"17":{"name":"(anonymous_17)","decl":{"start":{"line":73,"column":59},"end":{"line":73,"column":60}},"loc":{"start":{"line":73,"column":65},"end":{"line":75,"column":7}},"line":73},"18":{"name":"(anonymous_18)","decl":{"start":{"line":78,"column":30},"end":{"line":78,"column":31}},"loc":{"start":{"line":78,"column":36},"end":{"line":156,"column":3}},"line":78},"19":{"name":"(anonymous_19)","decl":{"start":{"line":80,"column":41},"end":{"line":80,"column":42}},"loc":{"start":{"line":80,"column":47},"end":{"line":134,"column":5}},"line":80},"20":{"name":"(anonymous_20)","decl":{"start":{"line":83,"column":16},"end":{"line":83,"column":17}},"loc":{"start":{"line":83,"column":24},"end":{"line":97,"column":7}},"line":83},"21":{"name":"(anonymous_21)","decl":{"start":{"line":91,"column":46},"end":{"line":91,"column":47}},"loc":{"start":{"line":91,"column":53},"end":{"line":96,"column":9}},"line":91},"22":{"name":"(anonymous_22)","decl":{"start":{"line":98,"column":16},"end":{"line":98,"column":17}},"loc":{"start":{"line":98,"column":24},"end":{"line":106,"column":7}},"line":98},"23":{"name":"(anonymous_23)","decl":{"start":{"line":102,"column":15},"end":{"line":102,"column":16}},"loc":{"start":{"line":102,"column":27},"end":{"line":105,"column":9}},"line":102},"24":{"name":"(anonymous_24)","decl":{"start":{"line":108,"column":16},"end":{"line":108,"column":17}},"loc":{"start":{"line":108,"column":24},"end":{"line":124,"column":7}},"line":108},"25":{"name":"(anonymous_25)","decl":{"start":{"line":119,"column":16},"end":{"line":119,"column":17}},"loc":{"start":{"line":119,"column":28},"end":{"line":122,"column":11}},"line":119},"26":{"name":"(anonymous_26)","decl":{"start":{"line":123,"column":19},"end":{"line":123,"column":20}},"loc":{"start":{"line":123,"column":25},"end":{"line":123,"column":31}},"line":123},"27":{"name":"(anonymous_27)","decl":{"start":{"line":125,"column":45},"end":{"line":125,"column":46}},"loc":{"start":{"line":125,"column":51},"end":{"line":127,"column":7}},"line":125},"28":{"name":"(anonymous_28)","decl":{"start":{"line":128,"column":41},"end":{"line":128,"column":42}},"loc":{"start":{"line":128,"column":47},"end":{"line":130,"column":7}},"line":128},"29":{"name":"(anonymous_29)","decl":{"start":{"line":131,"column":56},"end":{"line":131,"column":57}},"loc":{"start":{"line":131,"column":62},"end":{"line":133,"column":7}},"line":131},"30":{"name":"(anonymous_30)","decl":{"start":{"line":135,"column":43},"end":{"line":135,"column":44}},"loc":{"start":{"line":135,"column":49},"end":{"line":155,"column":5}},"line":135},"31":{"name":"(anonymous_31)","decl":{"start":{"line":137,"column":16},"end":{"line":137,"column":17}},"loc":{"start":{"line":137,"column":24},"end":{"line":151,"column":7}},"line":137},"32":{"name":"(anonymous_32)","decl":{"start":{"line":144,"column":16},"end":{"line":144,"column":17}},"loc":{"start":{"line":144,"column":28},"end":{"line":146,"column":11}},"line":144},"33":{"name":"(anonymous_33)","decl":{"start":{"line":147,"column":17},"end":{"line":147,"column":18}},"loc":{"start":{"line":147,"column":22},"end":{"line":149,"column":11}},"line":147},"34":{"name":"(anonymous_34)","decl":{"start":{"line":150,"column":19},"end":{"line":150,"column":20}},"loc":{"start":{"line":150,"column":25},"end":{"line":150,"column":31}},"line":150},"35":{"name":"(anonymous_35)","decl":{"start":{"line":152,"column":59},"end":{"line":152,"column":60}},"loc":{"start":{"line":152,"column":65},"end":{"line":154,"column":7}},"line":152},"36":{"name":"(anonymous_36)","decl":{"start":{"line":157,"column":31},"end":{"line":157,"column":32}},"loc":{"start":{"line":157,"column":37},"end":{"line":239,"column":3}},"line":157},"37":{"name":"(anonymous_37)","decl":{"start":{"line":161,"column":14},"end":{"line":161,"column":15}},"loc":{"start":{"line":161,"column":22},"end":{"line":175,"column":5}},"line":161},"38":{"name":"(anonymous_38)","decl":{"start":{"line":169,"column":44},"end":{"line":169,"column":45}},"loc":{"start":{"line":169,"column":51},"end":{"line":174,"column":7}},"line":169},"39":{"name":"(anonymous_39)","decl":{"start":{"line":176,"column":41},"end":{"line":176,"column":42}},"loc":{"start":{"line":176,"column":47},"end":{"line":208,"column":5}},"line":176},"40":{"name":"(anonymous_40)","decl":{"start":{"line":177,"column":16},"end":{"line":177,"column":17}},"loc":{"start":{"line":177,"column":24},"end":{"line":185,"column":7}},"line":177},"41":{"name":"(anonymous_41)","decl":{"start":{"line":181,"column":15},"end":{"line":181,"column":16}},"loc":{"start":{"line":181,"column":27},"end":{"line":184,"column":9}},"line":181},"42":{"name":"(anonymous_42)","decl":{"start":{"line":188,"column":16},"end":{"line":188,"column":17}},"loc":{"start":{"line":188,"column":24},"end":{"line":201,"column":7}},"line":188},"43":{"name":"(anonymous_43)","decl":{"start":{"line":195,"column":16},"end":{"line":195,"column":17}},"loc":{"start":{"line":195,"column":28},"end":{"line":198,"column":11}},"line":195},"44":{"name":"(anonymous_44)","decl":{"start":{"line":199,"column":17},"end":{"line":199,"column":18}},"loc":{"start":{"line":199,"column":23},"end":{"line":199,"column":25}},"line":199},"45":{"name":"(anonymous_45)","decl":{"start":{"line":200,"column":19},"end":{"line":200,"column":20}},"loc":{"start":{"line":200,"column":25},"end":{"line":200,"column":31}},"line":200},"46":{"name":"(anonymous_46)","decl":{"start":{"line":202,"column":45},"end":{"line":202,"column":46}},"loc":{"start":{"line":202,"column":51},"end":{"line":204,"column":7}},"line":202},"47":{"name":"(anonymous_47)","decl":{"start":{"line":205,"column":56},"end":{"line":205,"column":57}},"loc":{"start":{"line":205,"column":62},"end":{"line":207,"column":7}},"line":205},"48":{"name":"(anonymous_48)","decl":{"start":{"line":209,"column":43},"end":{"line":209,"column":44}},"loc":{"start":{"line":209,"column":49},"end":{"line":238,"column":5}},"line":209},"49":{"name":"(anonymous_49)","decl":{"start":{"line":210,"column":16},"end":{"line":210,"column":17}},"loc":{"start":{"line":210,"column":24},"end":{"line":218,"column":7}},"line":210},"50":{"name":"(anonymous_50)","decl":{"start":{"line":214,"column":15},"end":{"line":214,"column":16}},"loc":{"start":{"line":214,"column":27},"end":{"line":217,"column":9}},"line":214},"51":{"name":"(anonymous_51)","decl":{"start":{"line":220,"column":16},"end":{"line":220,"column":17}},"loc":{"start":{"line":220,"column":24},"end":{"line":234,"column":7}},"line":220},"52":{"name":"(anonymous_52)","decl":{"start":{"line":227,"column":16},"end":{"line":227,"column":17}},"loc":{"start":{"line":227,"column":28},"end":{"line":229,"column":11}},"line":227},"53":{"name":"(anonymous_53)","decl":{"start":{"line":230,"column":17},"end":{"line":230,"column":18}},"loc":{"start":{"line":230,"column":22},"end":{"line":232,"column":11}},"line":230},"54":{"name":"(anonymous_54)","decl":{"start":{"line":233,"column":19},"end":{"line":233,"column":20}},"loc":{"start":{"line":233,"column":25},"end":{"line":233,"column":31}},"line":233},"55":{"name":"(anonymous_55)","decl":{"start":{"line":235,"column":59},"end":{"line":235,"column":60}},"loc":{"start":{"line":235,"column":65},"end":{"line":237,"column":7}},"line":235},"56":{"name":"(anonymous_56)","decl":{"start":{"line":240,"column":28},"end":{"line":240,"column":29}},"loc":{"start":{"line":240,"column":34},"end":{"line":309,"column":3}},"line":240},"57":{"name":"(anonymous_57)","decl":{"start":{"line":242,"column":41},"end":{"line":242,"column":42}},"loc":{"start":{"line":242,"column":47},"end":{"line":291,"column":5}},"line":242},"58":{"name":"(anonymous_58)","decl":{"start":{"line":245,"column":16},"end":{"line":245,"column":17}},"loc":{"start":{"line":245,"column":24},"end":{"line":259,"column":7}},"line":245},"59":{"name":"(anonymous_59)","decl":{"start":{"line":253,"column":46},"end":{"line":253,"column":47}},"loc":{"start":{"line":253,"column":53},"end":{"line":258,"column":9}},"line":253},"60":{"name":"(anonymous_60)","decl":{"start":{"line":260,"column":16},"end":{"line":260,"column":17}},"loc":{"start":{"line":260,"column":24},"end":{"line":268,"column":7}},"line":260},"61":{"name":"(anonymous_61)","decl":{"start":{"line":264,"column":15},"end":{"line":264,"column":16}},"loc":{"start":{"line":264,"column":27},"end":{"line":267,"column":9}},"line":264},"62":{"name":"(anonymous_62)","decl":{"start":{"line":270,"column":16},"end":{"line":270,"column":17}},"loc":{"start":{"line":270,"column":24},"end":{"line":281,"column":7}},"line":270},"63":{"name":"(anonymous_63)","decl":{"start":{"line":276,"column":16},"end":{"line":276,"column":17}},"loc":{"start":{"line":276,"column":28},"end":{"line":279,"column":11}},"line":276},"64":{"name":"(anonymous_64)","decl":{"start":{"line":280,"column":19},"end":{"line":280,"column":20}},"loc":{"start":{"line":280,"column":25},"end":{"line":280,"column":31}},"line":280},"65":{"name":"(anonymous_65)","decl":{"start":{"line":282,"column":45},"end":{"line":282,"column":46}},"loc":{"start":{"line":282,"column":51},"end":{"line":284,"column":7}},"line":282},"66":{"name":"(anonymous_66)","decl":{"start":{"line":285,"column":41},"end":{"line":285,"column":42}},"loc":{"start":{"line":285,"column":47},"end":{"line":287,"column":7}},"line":285},"67":{"name":"(anonymous_67)","decl":{"start":{"line":288,"column":56},"end":{"line":288,"column":57}},"loc":{"start":{"line":288,"column":62},"end":{"line":290,"column":7}},"line":288},"68":{"name":"(anonymous_68)","decl":{"start":{"line":292,"column":43},"end":{"line":292,"column":44}},"loc":{"start":{"line":292,"column":49},"end":{"line":308,"column":5}},"line":292},"69":{"name":"(anonymous_69)","decl":{"start":{"line":294,"column":16},"end":{"line":294,"column":17}},"loc":{"start":{"line":294,"column":24},"end":{"line":304,"column":7}},"line":294},"70":{"name":"(anonymous_70)","decl":{"start":{"line":297,"column":16},"end":{"line":297,"column":17}},"loc":{"start":{"line":297,"column":28},"end":{"line":299,"column":11}},"line":297},"71":{"name":"(anonymous_71)","decl":{"start":{"line":300,"column":17},"end":{"line":300,"column":18}},"loc":{"start":{"line":300,"column":22},"end":{"line":302,"column":11}},"line":300},"72":{"name":"(anonymous_72)","decl":{"start":{"line":303,"column":19},"end":{"line":303,"column":20}},"loc":{"start":{"line":303,"column":25},"end":{"line":303,"column":31}},"line":303},"73":{"name":"(anonymous_73)","decl":{"start":{"line":305,"column":59},"end":{"line":305,"column":60}},"loc":{"start":{"line":305,"column":65},"end":{"line":307,"column":7}},"line":305}},"branchMap":{},"s":{"0":1,"1":1,"2":1,"3":1,"4":1,"5":1,"6":1,"7":1,"8":1,"9":1,"10":1,"11":1,"12":1,"13":1,"14":1,"15":1,"16":1,"17":1,"18":1,"19":1,"20":1,"21":1,"22":1,"23":1,"24":1,"25":1,"26":1,"27":1,"28":1,"29":1,"30":1,"31":1,"32":1,"33":0,"34":1,"35":1,"36":1,"37":1,"38":1,"39":1,"40":1,"41":1,"42":1,"43":1,"44":1,"45":1,"46":1,"47":1,"48":1,"49":1,"50":1,"51":1,"52":1,"53":1,"54":1,"55":1,"56":1,"57":1,"58":1,"59":1,"60":1,"61":1,"62":1,"63":1,"64":1,"65":1,"66":1,"67":1,"68":1,"69":1,"70":0,"71":1,"72":1,"73":1,"74":1,"75":1,"76":1,"77":1,"78":1,"79":1,"80":1,"81":1,"82":1,"83":1,"84":1,"85":1,"86":1,"87":1,"88":1,"89":1,"90":1,"91":1,"92":1,"93":1,"94":1,"95":1,"96":1,"97":1,"98":1,"99":1,"100":1,"101":1,"102":1,"103":1,"104":1,"105":1,"106":1,"107":1,"108":0,"109":1,"110":1,"111":1,"112":1,"113":1,"114":1,"115":1,"116":1,"117":1,"118":1,"119":1,"120":1,"121":1,"122":1,"123":1,"124":1,"125":1,"126":1,"127":1,"128":1,"129":1,"130":1,"131":1,"132":1,"133":1,"134":1,"135":1,"136":1,"137":1,"138":1,"139":1,"140":1,"141":1,"142":1,"143":0,"144":1,"145":1,"146":1,"147":1},"f":{"0":1,"1":1,"2":1,"3":1,"4":1,"5":1,"6":1,"7":0,"8":1,"9":1,"10":1,"11":1,"12":1,"13":1,"14":0,"15":1,"16":1,"17":1,"18":1,"19":1,"20":1,"21":1,"22":1,"23":1,"24":1,"25":1,"26":1,"27":1,"28":1,"29":1,"30":1,"31":1,"32":0,"33":1,"34":1,"35":1,"36":1,"37":1,"38":1,"39":1,"40":1,"41":1,"42":1,"43":1,"44":0,"45":1,"46":1,"47":1,"48":1,"49":1,"50":1,"51":1,"52":0,"53":1,"54":1,"55":1,"56":1,"57":1,"58":1,"59":1,"60":1,"61":1,"62":1,"63":1,"64":1,"65":1,"66":1,"67":1,"68":1,"69":1,"70":0,"71":1,"72":1,"73":1},"b":{},"_coverageSchema":"43e27e138ebf9cfc5966b082cf9a028302ed4184","hash":"aba5d6040503e185e09fd8da7d4b7da2b23d699e","contentHash":"67b3f185fcabdc45987d0f21d4c6c958c091009f51972834067c79df44129f47"},"C:\\Users\\oko\\Desktop\\OpenClassroom\\Capstone Project\\Capstone-Project---DevTrainingWithAndela---Teamwork\\backend\\src\\routes\\auth.route.spec.js":{"path":"C:\\Users\\oko\\Desktop\\OpenClassroom\\Capstone Project\\Capstone-Project---DevTrainingWithAndela---Teamwork\\backend\\src\\routes\\auth.route.spec.js","statementMap":{"0":{"start":{"line":2,"column":14},"end":{"line":2,"column":30}},"1":{"start":{"line":3,"column":20},"end":{"line":3,"column":54}},"2":{"start":{"line":4,"column":24},"end":{"line":4,"column":59}},"3":{"start":{"line":5,"column":24},"end":{"line":5,"column":59}},"4":{"start":{"line":7,"column":19},"end":{"line":7,"column":49}},"5":{"start":{"line":8,"column":15},"end":{"line":8,"column":25}},"6":{"start":{"line":10,"column":0},"end":{"line":57,"column":3}},"7":{"start":{"line":11,"column":2},"end":{"line":25,"column":5}},"8":{"start":{"line":12,"column":26},"end":{"line":18,"column":5}},"9":{"start":{"line":19,"column":4},"end":{"line":19,"column":26}},"10":{"start":{"line":20,"column":4},"end":{"line":24,"column":23}},"11":{"start":{"line":22,"column":8},"end":{"line":22,"column":15}},"12":{"start":{"line":27,"column":2},"end":{"line":56,"column":5}},"13":{"start":{"line":28,"column":17},"end":{"line":28,"column":19}},"14":{"start":{"line":29,"column":21},"end":{"line":32,"column":5}},"15":{"start":{"line":34,"column":4},"end":{"line":43,"column":7}},"16":{"start":{"line":35,"column":6},"end":{"line":42,"column":25}},"17":{"start":{"line":38,"column":10},"end":{"line":38,"column":36}},"18":{"start":{"line":39,"column":10},"end":{"line":39,"column":40}},"19":{"start":{"line":40,"column":10},"end":{"line":40,"column":17}},"20":{"start":{"line":44,"column":4},"end":{"line":46,"column":7}},"21":{"start":{"line":45,"column":6},"end":{"line":45,"column":36}},"22":{"start":{"line":47,"column":4},"end":{"line":49,"column":7}},"23":{"start":{"line":48,"column":6},"end":{"line":48,"column":47}},"24":{"start":{"line":50,"column":4},"end":{"line":52,"column":7}},"25":{"start":{"line":51,"column":6},"end":{"line":51,"column":49}},"26":{"start":{"line":53,"column":4},"end":{"line":55,"column":7}},"27":{"start":{"line":54,"column":6},"end":{"line":54,"column":50}},"28":{"start":{"line":59,"column":0},"end":{"line":161,"column":3}},"29":{"start":{"line":60,"column":2},"end":{"line":160,"column":5}},"30":{"start":{"line":62,"column":4},"end":{"line":114,"column":7}},"31":{"start":{"line":63,"column":27},"end":{"line":63,"column":48}},"32":{"start":{"line":64,"column":20},"end":{"line":64,"column":60}},"33":{"start":{"line":65,"column":6},"end":{"line":78,"column":9}},"34":{"start":{"line":66,"column":21},"end":{"line":72,"column":9}},"35":{"start":{"line":73,"column":8},"end":{"line":77,"column":11}},"36":{"start":{"line":74,"column":10},"end":{"line":74,"column":22}},"37":{"start":{"line":75,"column":10},"end":{"line":75,"column":59}},"38":{"start":{"line":76,"column":10},"end":{"line":76,"column":17}},"39":{"start":{"line":79,"column":19},"end":{"line":79,"column":21}},"40":{"start":{"line":80,"column":28},"end":{"line":80,"column":61}},"41":{"start":{"line":81,"column":6},"end":{"line":101,"column":9}},"42":{"start":{"line":82,"column":23},"end":{"line":84,"column":9}},"43":{"start":{"line":86,"column":25},"end":{"line":92,"column":9}},"44":{"start":{"line":93,"column":8},"end":{"line":100,"column":33}},"45":{"start":{"line":96,"column":12},"end":{"line":96,"column":38}},"46":{"start":{"line":97,"column":12},"end":{"line":97,"column":42}},"47":{"start":{"line":100,"column":25},"end":{"line":100,"column":31}},"48":{"start":{"line":102,"column":6},"end":{"line":104,"column":9}},"49":{"start":{"line":103,"column":8},"end":{"line":103,"column":38}},"50":{"start":{"line":105,"column":6},"end":{"line":107,"column":9}},"51":{"start":{"line":106,"column":8},"end":{"line":106,"column":48}},"52":{"start":{"line":108,"column":6},"end":{"line":110,"column":9}},"53":{"start":{"line":109,"column":8},"end":{"line":109,"column":57}},"54":{"start":{"line":111,"column":6},"end":{"line":113,"column":9}},"55":{"start":{"line":112,"column":8},"end":{"line":112,"column":49}},"56":{"start":{"line":115,"column":4},"end":{"line":159,"column":7}},"57":{"start":{"line":116,"column":27},"end":{"line":116,"column":48}},"58":{"start":{"line":117,"column":20},"end":{"line":117,"column":60}},"59":{"start":{"line":118,"column":6},"end":{"line":131,"column":9}},"60":{"start":{"line":119,"column":21},"end":{"line":125,"column":9}},"61":{"start":{"line":126,"column":8},"end":{"line":130,"column":11}},"62":{"start":{"line":127,"column":10},"end":{"line":127,"column":22}},"63":{"start":{"line":128,"column":10},"end":{"line":128,"column":59}},"64":{"start":{"line":129,"column":10},"end":{"line":129,"column":17}},"65":{"start":{"line":132,"column":19},"end":{"line":132,"column":21}},"66":{"start":{"line":133,"column":28},"end":{"line":133,"column":61}},"67":{"start":{"line":134,"column":6},"end":{"line":155,"column":9}},"68":{"start":{"line":135,"column":23},"end":{"line":137,"column":9}},"69":{"start":{"line":139,"column":25},"end":{"line":145,"column":9}},"70":{"start":{"line":146,"column":8},"end":{"line":154,"column":33}},"71":{"start":{"line":149,"column":12},"end":{"line":149,"column":42}},"72":{"start":{"line":152,"column":12},"end":{"line":152,"column":48}},"73":{"start":{"line":154,"column":25},"end":{"line":154,"column":31}},"74":{"start":{"line":156,"column":6},"end":{"line":158,"column":9}},"75":{"start":{"line":157,"column":8},"end":{"line":157,"column":38}}},"fnMap":{"0":{"name":"(anonymous_0)","decl":{"start":{"line":10,"column":25},"end":{"line":10,"column":26}},"loc":{"start":{"line":10,"column":31},"end":{"line":57,"column":1}},"line":10},"1":{"name":"(anonymous_1)","decl":{"start":{"line":11,"column":12},"end":{"line":11,"column":13}},"loc":{"start":{"line":11,"column":20},"end":{"line":25,"column":3}},"line":11},"2":{"name":"(anonymous_2)","decl":{"start":{"line":21,"column":12},"end":{"line":21,"column":13}},"loc":{"start":{"line":21,"column":18},"end":{"line":23,"column":7}},"line":21},"3":{"name":"(anonymous_3)","decl":{"start":{"line":24,"column":13},"end":{"line":24,"column":14}},"loc":{"start":{"line":24,"column":19},"end":{"line":24,"column":21}},"line":24},"4":{"name":"(anonymous_4)","decl":{"start":{"line":27,"column":32},"end":{"line":27,"column":33}},"loc":{"start":{"line":27,"column":38},"end":{"line":56,"column":3}},"line":27},"5":{"name":"(anonymous_5)","decl":{"start":{"line":34,"column":15},"end":{"line":34,"column":16}},"loc":{"start":{"line":34,"column":23},"end":{"line":43,"column":5}},"line":34},"6":{"name":"(anonymous_6)","decl":{"start":{"line":37,"column":14},"end":{"line":37,"column":15}},"loc":{"start":{"line":37,"column":26},"end":{"line":41,"column":9}},"line":37},"7":{"name":"(anonymous_7)","decl":{"start":{"line":42,"column":15},"end":{"line":42,"column":16}},"loc":{"start":{"line":42,"column":21},"end":{"line":42,"column":23}},"line":42},"8":{"name":"(anonymous_8)","decl":{"start":{"line":44,"column":43},"end":{"line":44,"column":44}},"loc":{"start":{"line":44,"column":49},"end":{"line":46,"column":5}},"line":44},"9":{"name":"(anonymous_9)","decl":{"start":{"line":47,"column":54},"end":{"line":47,"column":55}},"loc":{"start":{"line":47,"column":60},"end":{"line":49,"column":5}},"line":47},"10":{"name":"(anonymous_10)","decl":{"start":{"line":50,"column":40},"end":{"line":50,"column":41}},"loc":{"start":{"line":50,"column":46},"end":{"line":52,"column":5}},"line":50},"11":{"name":"(anonymous_11)","decl":{"start":{"line":53,"column":43},"end":{"line":53,"column":44}},"loc":{"start":{"line":53,"column":49},"end":{"line":55,"column":5}},"line":53},"12":{"name":"(anonymous_12)","decl":{"start":{"line":59,"column":25},"end":{"line":59,"column":26}},"loc":{"start":{"line":59,"column":31},"end":{"line":161,"column":1}},"line":59},"13":{"name":"(anonymous_13)","decl":{"start":{"line":60,"column":37},"end":{"line":60,"column":38}},"loc":{"start":{"line":60,"column":43},"end":{"line":160,"column":3}},"line":60},"14":{"name":"(anonymous_14)","decl":{"start":{"line":62,"column":33},"end":{"line":62,"column":34}},"loc":{"start":{"line":62,"column":39},"end":{"line":114,"column":5}},"line":62},"15":{"name":"(anonymous_15)","decl":{"start":{"line":65,"column":16},"end":{"line":65,"column":17}},"loc":{"start":{"line":65,"column":24},"end":{"line":78,"column":7}},"line":65},"16":{"name":"(anonymous_16)","decl":{"start":{"line":73,"column":42},"end":{"line":73,"column":43}},"loc":{"start":{"line":73,"column":49},"end":{"line":77,"column":9}},"line":73},"17":{"name":"(anonymous_17)","decl":{"start":{"line":81,"column":16},"end":{"line":81,"column":17}},"loc":{"start":{"line":81,"column":24},"end":{"line":101,"column":7}},"line":81},"18":{"name":"(anonymous_18)","decl":{"start":{"line":95,"column":16},"end":{"line":95,"column":17}},"loc":{"start":{"line":95,"column":28},"end":{"line":98,"column":11}},"line":95},"19":{"name":"(anonymous_19)","decl":{"start":{"line":99,"column":17},"end":{"line":99,"column":18}},"loc":{"start":{"line":99,"column":23},"end":{"line":99,"column":25}},"line":99},"20":{"name":"(anonymous_20)","decl":{"start":{"line":100,"column":19},"end":{"line":100,"column":20}},"loc":{"start":{"line":100,"column":25},"end":{"line":100,"column":31}},"line":100},"21":{"name":"(anonymous_21)","decl":{"start":{"line":102,"column":45},"end":{"line":102,"column":46}},"loc":{"start":{"line":102,"column":51},"end":{"line":104,"column":7}},"line":102},"22":{"name":"(anonymous_22)","decl":{"start":{"line":105,"column":41},"end":{"line":105,"column":42}},"loc":{"start":{"line":105,"column":47},"end":{"line":107,"column":7}},"line":105},"23":{"name":"(anonymous_23)","decl":{"start":{"line":108,"column":52},"end":{"line":108,"column":53}},"loc":{"start":{"line":108,"column":58},"end":{"line":110,"column":7}},"line":108},"24":{"name":"(anonymous_24)","decl":{"start":{"line":111,"column":56},"end":{"line":111,"column":57}},"loc":{"start":{"line":111,"column":62},"end":{"line":113,"column":7}},"line":111},"25":{"name":"(anonymous_25)","decl":{"start":{"line":115,"column":36},"end":{"line":115,"column":37}},"loc":{"start":{"line":115,"column":42},"end":{"line":159,"column":5}},"line":115},"26":{"name":"(anonymous_26)","decl":{"start":{"line":118,"column":16},"end":{"line":118,"column":17}},"loc":{"start":{"line":118,"column":24},"end":{"line":131,"column":7}},"line":118},"27":{"name":"(anonymous_27)","decl":{"start":{"line":126,"column":42},"end":{"line":126,"column":43}},"loc":{"start":{"line":126,"column":49},"end":{"line":130,"column":9}},"line":126},"28":{"name":"(anonymous_28)","decl":{"start":{"line":134,"column":16},"end":{"line":134,"column":17}},"loc":{"start":{"line":134,"column":24},"end":{"line":155,"column":7}},"line":134},"29":{"name":"(anonymous_29)","decl":{"start":{"line":148,"column":16},"end":{"line":148,"column":17}},"loc":{"start":{"line":148,"column":28},"end":{"line":150,"column":11}},"line":148},"30":{"name":"(anonymous_30)","decl":{"start":{"line":151,"column":17},"end":{"line":151,"column":18}},"loc":{"start":{"line":151,"column":26},"end":{"line":153,"column":11}},"line":151},"31":{"name":"(anonymous_31)","decl":{"start":{"line":154,"column":19},"end":{"line":154,"column":20}},"loc":{"start":{"line":154,"column":25},"end":{"line":154,"column":31}},"line":154},"32":{"name":"(anonymous_32)","decl":{"start":{"line":156,"column":45},"end":{"line":156,"column":46}},"loc":{"start":{"line":156,"column":51},"end":{"line":158,"column":7}},"line":156}},"branchMap":{},"s":{"0":1,"1":1,"2":1,"3":1,"4":1,"5":1,"6":1,"7":1,"8":1,"9":1,"10":1,"11":1,"12":1,"13":1,"14":1,"15":1,"16":4,"17":4,"18":4,"19":4,"20":1,"21":1,"22":1,"23":1,"24":1,"25":1,"26":1,"27":1,"28":1,"29":1,"30":1,"31":1,"32":1,"33":1,"34":1,"35":1,"36":1,"37":1,"38":1,"39":1,"40":1,"41":1,"42":1,"43":1,"44":1,"45":1,"46":1,"47":1,"48":1,"49":1,"50":1,"51":1,"52":1,"53":1,"54":1,"55":1,"56":1,"57":1,"58":1,"59":1,"60":1,"61":1,"62":1,"63":1,"64":1,"65":1,"66":1,"67":1,"68":1,"69":1,"70":1,"71":0,"72":1,"73":1,"74":1,"75":1},"f":{"0":1,"1":1,"2":1,"3":0,"4":1,"5":4,"6":4,"7":0,"8":1,"9":1,"10":1,"11":1,"12":1,"13":1,"14":1,"15":1,"16":1,"17":1,"18":1,"19":0,"20":1,"21":1,"22":1,"23":1,"24":1,"25":1,"26":1,"27":1,"28":1,"29":0,"30":1,"31":1,"32":1},"b":{},"_coverageSchema":"43e27e138ebf9cfc5966b082cf9a028302ed4184","hash":"2c851ebefd3569f4feec563f855cfce17ceebbab","contentHash":"1f9d51817118b927901df067942c743b154952c27daac6c391c0c0f2e26b6eb5"},"C:\\Users\\oko\\Desktop\\OpenClassroom\\Capstone Project\\Capstone-Project---DevTrainingWithAndela---Teamwork\\backend\\src\\routes\\feed.route.spec.js":{"path":"C:\\Users\\oko\\Desktop\\OpenClassroom\\Capstone Project\\Capstone-Project---DevTrainingWithAndela---Teamwork\\backend\\src\\routes\\feed.route.spec.js","statementMap":{"0":{"start":{"line":3,"column":14},"end":{"line":3,"column":30}},"1":{"start":{"line":4,"column":20},"end":{"line":4,"column":54}},"2":{"start":{"line":5,"column":24},"end":{"line":5,"column":59}},"3":{"start":{"line":6,"column":24},"end":{"line":6,"column":59}},"4":{"start":{"line":7,"column":27},"end":{"line":7,"column":65}},"5":{"start":{"line":9,"column":0},"end":{"line":73,"column":3}},"6":{"start":{"line":10,"column":2},"end":{"line":72,"column":5}},"7":{"start":{"line":11,"column":4},"end":{"line":54,"column":7}},"8":{"start":{"line":14,"column":6},"end":{"line":28,"column":9}},"9":{"start":{"line":15,"column":25},"end":{"line":21,"column":9}},"10":{"start":{"line":22,"column":8},"end":{"line":27,"column":11}},"11":{"start":{"line":23,"column":10},"end":{"line":23,"column":22}},"12":{"start":{"line":24,"column":10},"end":{"line":24,"column":59}},"13":{"start":{"line":25,"column":10},"end":{"line":25,"column":26}},"14":{"start":{"line":26,"column":10},"end":{"line":26,"column":17}},"15":{"start":{"line":29,"column":6},"end":{"line":37,"column":9}},"16":{"start":{"line":30,"column":8},"end":{"line":36,"column":11}},"17":{"start":{"line":34,"column":10},"end":{"line":34,"column":34}},"18":{"start":{"line":35,"column":10},"end":{"line":35,"column":17}},"19":{"start":{"line":38,"column":19},"end":{"line":38,"column":33}},"20":{"start":{"line":39,"column":6},"end":{"line":50,"column":9}},"21":{"start":{"line":40,"column":23},"end":{"line":42,"column":9}},"22":{"start":{"line":43,"column":8},"end":{"line":49,"column":33}},"23":{"start":{"line":46,"column":12},"end":{"line":46,"column":38}},"24":{"start":{"line":47,"column":12},"end":{"line":47,"column":42}},"25":{"start":{"line":49,"column":25},"end":{"line":49,"column":31}},"26":{"start":{"line":51,"column":6},"end":{"line":53,"column":9}},"27":{"start":{"line":52,"column":8},"end":{"line":52,"column":38}},"28":{"start":{"line":55,"column":4},"end":{"line":71,"column":7}},"29":{"start":{"line":56,"column":19},"end":{"line":56,"column":33}},"30":{"start":{"line":57,"column":6},"end":{"line":67,"column":9}},"31":{"start":{"line":58,"column":8},"end":{"line":66,"column":33}},"32":{"start":{"line":61,"column":12},"end":{"line":61,"column":42}},"33":{"start":{"line":64,"column":12},"end":{"line":64,"column":44}},"34":{"start":{"line":66,"column":25},"end":{"line":66,"column":31}},"35":{"start":{"line":68,"column":6},"end":{"line":70,"column":9}},"36":{"start":{"line":69,"column":8},"end":{"line":69,"column":38}}},"fnMap":{"0":{"name":"(anonymous_0)","decl":{"start":{"line":9,"column":25},"end":{"line":9,"column":26}},"loc":{"start":{"line":9,"column":31},"end":{"line":73,"column":1}},"line":9},"1":{"name":"(anonymous_1)","decl":{"start":{"line":10,"column":24},"end":{"line":10,"column":25}},"loc":{"start":{"line":10,"column":30},"end":{"line":72,"column":3}},"line":10},"2":{"name":"(anonymous_2)","decl":{"start":{"line":11,"column":38},"end":{"line":11,"column":39}},"loc":{"start":{"line":11,"column":44},"end":{"line":54,"column":5}},"line":11},"3":{"name":"(anonymous_3)","decl":{"start":{"line":14,"column":16},"end":{"line":14,"column":17}},"loc":{"start":{"line":14,"column":24},"end":{"line":28,"column":7}},"line":14},"4":{"name":"(anonymous_4)","decl":{"start":{"line":22,"column":46},"end":{"line":22,"column":47}},"loc":{"start":{"line":22,"column":53},"end":{"line":27,"column":9}},"line":22},"5":{"name":"(anonymous_5)","decl":{"start":{"line":29,"column":16},"end":{"line":29,"column":17}},"loc":{"start":{"line":29,"column":24},"end":{"line":37,"column":7}},"line":29},"6":{"name":"(anonymous_6)","decl":{"start":{"line":33,"column":15},"end":{"line":33,"column":16}},"loc":{"start":{"line":33,"column":27},"end":{"line":36,"column":9}},"line":33},"7":{"name":"(anonymous_7)","decl":{"start":{"line":39,"column":16},"end":{"line":39,"column":17}},"loc":{"start":{"line":39,"column":24},"end":{"line":50,"column":7}},"line":39},"8":{"name":"(anonymous_8)","decl":{"start":{"line":45,"column":16},"end":{"line":45,"column":17}},"loc":{"start":{"line":45,"column":28},"end":{"line":48,"column":11}},"line":45},"9":{"name":"(anonymous_9)","decl":{"start":{"line":49,"column":19},"end":{"line":49,"column":20}},"loc":{"start":{"line":49,"column":25},"end":{"line":49,"column":31}},"line":49},"10":{"name":"(anonymous_10)","decl":{"start":{"line":51,"column":45},"end":{"line":51,"column":46}},"loc":{"start":{"line":51,"column":51},"end":{"line":53,"column":7}},"line":51},"11":{"name":"(anonymous_11)","decl":{"start":{"line":55,"column":43},"end":{"line":55,"column":44}},"loc":{"start":{"line":55,"column":49},"end":{"line":71,"column":5}},"line":55},"12":{"name":"(anonymous_12)","decl":{"start":{"line":57,"column":16},"end":{"line":57,"column":17}},"loc":{"start":{"line":57,"column":24},"end":{"line":67,"column":7}},"line":57},"13":{"name":"(anonymous_13)","decl":{"start":{"line":60,"column":16},"end":{"line":60,"column":17}},"loc":{"start":{"line":60,"column":28},"end":{"line":62,"column":11}},"line":60},"14":{"name":"(anonymous_14)","decl":{"start":{"line":63,"column":17},"end":{"line":63,"column":18}},"loc":{"start":{"line":63,"column":22},"end":{"line":65,"column":11}},"line":63},"15":{"name":"(anonymous_15)","decl":{"start":{"line":66,"column":19},"end":{"line":66,"column":20}},"loc":{"start":{"line":66,"column":25},"end":{"line":66,"column":31}},"line":66},"16":{"name":"(anonymous_16)","decl":{"start":{"line":68,"column":59},"end":{"line":68,"column":60}},"loc":{"start":{"line":68,"column":65},"end":{"line":70,"column":7}},"line":68}},"branchMap":{},"s":{"0":1,"1":1,"2":1,"3":1,"4":1,"5":1,"6":1,"7":1,"8":1,"9":1,"10":1,"11":1,"12":1,"13":1,"14":1,"15":1,"16":1,"17":1,"18":1,"19":1,"20":1,"21":1,"22":1,"23":1,"24":1,"25":1,"26":1,"27":1,"28":1,"29":1,"30":1,"31":1,"32":0,"33":1,"34":1,"35":1,"36":1},"f":{"0":1,"1":1,"2":1,"3":1,"4":1,"5":1,"6":1,"7":1,"8":1,"9":1,"10":1,"11":1,"12":1,"13":0,"14":1,"15":1,"16":1},"b":{},"_coverageSchema":"43e27e138ebf9cfc5966b082cf9a028302ed4184","hash":"1fadbd7ef7b7e0955e564b47ccf39a3ed6efd387","contentHash":"98153c9bb071960bf57a5c8fcfdabea4553543cbcd81d266ed2397936995573c"},"C:\\Users\\oko\\Desktop\\OpenClassroom\\Capstone Project\\Capstone-Project---DevTrainingWithAndela---Teamwork\\backend\\src\\routes\\gif-comment.route.spec.js":{"path":"C:\\Users\\oko\\Desktop\\OpenClassroom\\Capstone Project\\Capstone-Project---DevTrainingWithAndela---Teamwork\\backend\\src\\routes\\gif-comment.route.spec.js","statementMap":{"0":{"start":{"line":2,"column":14},"end":{"line":2,"column":30}},"1":{"start":{"line":3,"column":20},"end":{"line":3,"column":54}},"2":{"start":{"line":4,"column":24},"end":{"line":4,"column":59}},"3":{"start":{"line":5,"column":24},"end":{"line":5,"column":59}},"4":{"start":{"line":6,"column":23},"end":{"line":6,"column":57}},"5":{"start":{"line":8,"column":0},"end":{"line":63,"column":3}},"6":{"start":{"line":12,"column":2},"end":{"line":26,"column":5}},"7":{"start":{"line":13,"column":21},"end":{"line":19,"column":5}},"8":{"start":{"line":20,"column":4},"end":{"line":25,"column":7}},"9":{"start":{"line":21,"column":6},"end":{"line":21,"column":18}},"10":{"start":{"line":22,"column":6},"end":{"line":22,"column":55}},"11":{"start":{"line":23,"column":6},"end":{"line":23,"column":22}},"12":{"start":{"line":24,"column":6},"end":{"line":24,"column":13}},"13":{"start":{"line":27,"column":2},"end":{"line":35,"column":5}},"14":{"start":{"line":28,"column":4},"end":{"line":34,"column":7}},"15":{"start":{"line":32,"column":6},"end":{"line":32,"column":26}},"16":{"start":{"line":33,"column":6},"end":{"line":33,"column":13}},"17":{"start":{"line":36,"column":2},"end":{"line":62,"column":5}},"18":{"start":{"line":37,"column":4},"end":{"line":52,"column":7}},"19":{"start":{"line":38,"column":21},"end":{"line":40,"column":7}},"20":{"start":{"line":41,"column":23},"end":{"line":43,"column":7}},"21":{"start":{"line":44,"column":6},"end":{"line":51,"column":31}},"22":{"start":{"line":47,"column":10},"end":{"line":47,"column":36}},"23":{"start":{"line":48,"column":10},"end":{"line":48,"column":40}},"24":{"start":{"line":51,"column":23},"end":{"line":51,"column":29}},"25":{"start":{"line":53,"column":4},"end":{"line":55,"column":7}},"26":{"start":{"line":54,"column":6},"end":{"line":54,"column":36}},"27":{"start":{"line":56,"column":4},"end":{"line":58,"column":7}},"28":{"start":{"line":57,"column":6},"end":{"line":57,"column":46}},"29":{"start":{"line":59,"column":4},"end":{"line":61,"column":7}},"30":{"start":{"line":60,"column":6},"end":{"line":60,"column":47}}},"fnMap":{"0":{"name":"(anonymous_0)","decl":{"start":{"line":8,"column":33},"end":{"line":8,"column":34}},"loc":{"start":{"line":8,"column":39},"end":{"line":63,"column":1}},"line":8},"1":{"name":"(anonymous_1)","decl":{"start":{"line":12,"column":12},"end":{"line":12,"column":13}},"loc":{"start":{"line":12,"column":20},"end":{"line":26,"column":3}},"line":12},"2":{"name":"(anonymous_2)","decl":{"start":{"line":20,"column":42},"end":{"line":20,"column":43}},"loc":{"start":{"line":20,"column":49},"end":{"line":25,"column":5}},"line":20},"3":{"name":"(anonymous_3)","decl":{"start":{"line":27,"column":12},"end":{"line":27,"column":13}},"loc":{"start":{"line":27,"column":20},"end":{"line":35,"column":3}},"line":27},"4":{"name":"(anonymous_4)","decl":{"start":{"line":31,"column":11},"end":{"line":31,"column":12}},"loc":{"start":{"line":31,"column":23},"end":{"line":34,"column":5}},"line":31},"5":{"name":"(anonymous_5)","decl":{"start":{"line":36,"column":36},"end":{"line":36,"column":37}},"loc":{"start":{"line":36,"column":42},"end":{"line":62,"column":3}},"line":36},"6":{"name":"(anonymous_6)","decl":{"start":{"line":37,"column":14},"end":{"line":37,"column":15}},"loc":{"start":{"line":37,"column":22},"end":{"line":52,"column":5}},"line":37},"7":{"name":"(anony
[...]
lumn":19},"end":{"line":215,"column":33}},"107":{"start":{"line":216,"column":6},"end":{"line":230,"column":9}},"108":{"start":{"line":217,"column":25},"end":{"line":220,"column":9}},"109":{"start":{"line":221,"column":8},"end":{"line":229,"column":33}},"110":{"start":{"line":224,"column":12},"end":{"line":224,"column":42}},"111":{"start":{"line":227,"column":12},"end":{"line":227,"column":44}},"112":{"start":{"line":229,"column":25},"end":{"line":229,"column":31}},"113":{"start":{"line":231,"column":6},"end":{"line":233,"column":9}},"114":{"start":{"line":232,"column":8},"end":{"line":232,"column":38}}},"fnMap":{"0":{"name":"(anonymous_0)","decl":{"start":{"line":9,"column":29},"end":{"line":9,"column":30}},"loc":{"start":{"line":9,"column":35},"end":{"line":236,"column":1}},"line":9},"1":{"name":"(anonymous_1)","decl":{"start":{"line":12,"column":25},"end":{"line":12,"column":26}},"loc":{"start":{"line":12,"column":31},"end":{"line":78,"column":3}},"line":12},"2":{"name":"(anonymous_2)","decl":{"start":{"line":13,"column":41},"end":{"line":13,"column":42}},"loc":{"start":{"line":13,"column":47},"end":{"line":57,"column":5}},"line":13},"3":{"name":"(anonymous_3)","decl":{"start":{"line":15,"column":16},"end":{"line":15,"column":17}},"loc":{"start":{"line":15,"column":24},"end":{"line":28,"column":7}},"line":15},"4":{"name":"(anonymous_4)","decl":{"start":{"line":23,"column":46},"end":{"line":23,"column":47}},"loc":{"start":{"line":23,"column":53},"end":{"line":27,"column":9}},"line":23},"5":{"name":"(anonymous_5)","decl":{"start":{"line":30,"column":16},"end":{"line":30,"column":17}},"loc":{"start":{"line":30,"column":24},"end":{"line":47,"column":7}},"line":30},"6":{"name":"(anonymous_6)","decl":{"start":{"line":41,"column":16},"end":{"line":41,"column":17}},"loc":{"start":{"line":41,"column":28},"end":{"line":44,"column":11}},"line":41},"7":{"name":"(anonymous_7)","decl":{"start":{"line":45,"column":17},"end":{"line":45,"column":18}},"loc":{"start":{"line":45,"column":23},"end":{"line":45,"column":25}},"line":45},"8":{"name":"(anonymous_8)","decl":{"start":{"line":46,"column":19},"end":{"line":46,"column":20}},"loc":{"start":{"line":46,"column":25},"end":{"line":46,"column":31}},"line":46},"9":{"name":"(anonymous_9)","decl":{"start":{"line":48,"column":45},"end":{"line":48,"column":46}},"loc":{"start":{"line":48,"column":51},"end":{"line":50,"column":7}},"line":48},"10":{"name":"(anonymous_10)","decl":{"start":{"line":51,"column":41},"end":{"line":51,"column":42}},"loc":{"start":{"line":51,"column":47},"end":{"line":53,"column":7}},"line":51},"11":{"name":"(anonymous_11)","decl":{"start":{"line":54,"column":56},"end":{"line":54,"column":57}},"loc":{"start":{"line":54,"column":62},"end":{"line":56,"column":7}},"line":54},"12":{"name":"(anonymous_12)","decl":{"start":{"line":58,"column":43},"end":{"line":58,"column":44}},"loc":{"start":{"line":58,"column":49},"end":{"line":77,"column":5}},"line":58},"13":{"name":"(anonymous_13)","decl":{"start":{"line":60,"column":16},"end":{"line":60,"column":17}},"loc":{"start":{"line":60,"column":24},"end":{"line":73,"column":7}},"line":60},"14":{"name":"(anonymous_14)","decl":{"start":{"line":66,"column":16},"end":{"line":66,"column":17}},"loc":{"start":{"line":66,"column":28},"end":{"line":68,"column":11}},"line":66},"15":{"name":"(anonymous_15)","decl":{"start":{"line":69,"column":17},"end":{"line":69,"column":18}},"loc":{"start":{"line":69,"column":22},"end":{"line":71,"column":11}},"line":69},"16":{"name":"(anonymous_16)","decl":{"start":{"line":72,"column":19},"end":{"line":72,"column":20}},"loc":{"start":{"line":72,"column":25},"end":{"line":72,"column":31}},"line":72},"17":{"name":"(anonymous_17)","decl":{"start":{"line":74,"column":59},"end":{"line":74,"column":60}},"loc":{"start":{"line":74,"column":65},"end":{"line":76,"column":7}},"line":74},"18":{"name":"(anonymous_18)","decl":{"start":{"line":79,"column":26},"end":{"line":79,"column":27}},"loc":{"start":{"line":79,"column":32},"end":{"line":154,"column":3}},"line":79},"19":{"name":"(anonymous_19)","decl":{"start":{"line":81,"column":41},"end":{"line":81,"column":42}},"loc":{"start":{"line":81,"column":47},"end":{"line":132,"column":5}},"line":81},"20":{"name":"(anonymous_20)","decl":{"start":{"line":84,"column":16},"end":{"line":84,"column":17}},"loc":{"start":{"line":84,"column":24},"end":{"line":98,"column":7}},"line":84},"21":{"name":"(anonymous_21)","decl":{"start":{"line":92,"column":46},"end":{"line":92,"column":47}},"loc":{"start":{"line":92,"column":53},"end":{"line":97,"column":9}},"line":92},"22":{"name":"(anonymous_22)","decl":{"start":{"line":99,"column":16},"end":{"line":99,"column":17}},"loc":{"start":{"line":99,"column":24},"end":{"line":104,"column":7}},"line":99},"23":{"name":"(anonymous_23)","decl":{"start":{"line":100,"column":67},"end":{"line":100,"column":68}},"loc":{"start":{"line":100,"column":79},"end":{"line":103,"column":9}},"line":100},"24":{"name":"(anonymous_24)","decl":{"start":{"line":106,"column":16},"end":{"line":106,"column":17}},"loc":{"start":{"line":106,"column":24},"end":{"line":122,"column":7}},"line":106},"25":{"name":"(anonymous_25)","decl":{"start":{"line":116,"column":16},"end":{"line":116,"column":17}},"loc":{"start":{"line":116,"column":28},"end":{"line":119,"column":11}},"line":116},"26":{"name":"(anonymous_26)","decl":{"start":{"line":120,"column":17},"end":{"line":120,"column":18}},"loc":{"start":{"line":120,"column":23},"end":{"line":120,"column":25}},"line":120},"27":{"name":"(anonymous_27)","decl":{"start":{"line":121,"column":19},"end":{"line":121,"column":20}},"loc":{"start":{"line":121,"column":25},"end":{"line":121,"column":31}},"line":121},"28":{"name":"(anonymous_28)","decl":{"start":{"line":123,"column":45},"end":{"line":123,"column":46}},"loc":{"start":{"line":123,"column":51},"end":{"line":125,"column":7}},"line":123},"29":{"name":"(anonymous_29)","decl":{"start":{"line":126,"column":41},"end":{"line":126,"column":42}},"loc":{"start":{"line":126,"column":47},"end":{"line":128,"column":7}},"line":126},"30":{"name":"(anonymous_30)","decl":{"start":{"line":129,"column":56},"end":{"line":129,"column":57}},"loc":{"start":{"line":129,"column":62},"end":{"line":131,"column":7}},"line":129},"31":{"name":"(anonymous_31)","decl":{"start":{"line":133,"column":43},"end":{"line":133,"column":44}},"loc":{"start":{"line":133,"column":49},"end":{"line":153,"column":5}},"line":133},"32":{"name":"(anonymous_32)","decl":{"start":{"line":135,"column":16},"end":{"line":135,"column":17}},"loc":{"start":{"line":135,"column":24},"end":{"line":149,"column":7}},"line":135},"33":{"name":"(anonymous_33)","decl":{"start":{"line":142,"column":16},"end":{"line":142,"column":17}},"loc":{"start":{"line":142,"column":28},"end":{"line":144,"column":11}},"line":142},"34":{"name":"(anonymous_34)","decl":{"start":{"line":145,"column":17},"end":{"line":145,"column":18}},"loc":{"start":{"line":145,"column":22},"end":{"line":147,"column":11}},"line":145},"35":{"name":"(anonymous_35)","decl":{"start":{"line":148,"column":19},"end":{"line":148,"column":20}},"loc":{"start":{"line":148,"column":25},"end":{"line":148,"column":31}},"line":148},"36":{"name":"(anonymous_36)","decl":{"start":{"line":150,"column":59},"end":{"line":150,"column":60}},"loc":{"start":{"line":150,"column":65},"end":{"line":152,"column":7}},"line":150},"37":{"name":"(anonymous_37)","decl":{"start":{"line":155,"column":27},"end":{"line":155,"column":28}},"loc":{"start":{"line":155,"column":33},"end":{"line":235,"column":3}},"line":155},"38":{"name":"(anonymous_38)","decl":{"start":{"line":159,"column":14},"end":{"line":159,"column":15}},"loc":{"start":{"line":159,"column":22},"end":{"line":173,"column":5}},"line":159},"39":{"name":"(anonymous_39)","decl":{"start":{"line":167,"column":44},"end":{"line":167,"column":45}},"loc":{"start":{"line":167,"column":51},"end":{"line":172,"column":7}},"line":167},"40":{"name":"(anonymous_40)","decl":{"start":{"line":174,"column":41},"end":{"line":174,"column":42}},"loc":{"start":{"line":174,"column":47},"end":{"line":205,"column":5}},"line":174},"41":{"name":"(anonymous_41)","decl":{"start":{"line":175,"column":16},"end":{"line":175,"column":17}},"loc":{"start":{"line":175,"column":24},"end":{"line":182,"column":7}},"line":175},"42":{"name":"(anonymous_42)","decl":{"start":{"line":177,"column":10},"end":{"line":177,"column":11}},"loc":{"start":{"line":177,"column":22},"end":{"line":180,"column":11}},"line":177},"43":{"name":"(anonymous_43)","decl":{"start":{"line":185,"column":16},"end":{"line":185,"column":17}},"loc":{"start":{"line":185,"column":24},"end":{"line":198,"column":7}},"line":185},"44":{"name":"(anonymous_44)","decl":{"start":{"line":192,"column":16},"end":{"line":192,"column":17}},"loc":{"start":{"line":192,"column":28},"end":{"line":195,"column":11}},"line":192},"45":{"name":"(anonymous_45)","decl":{"start":{"line":196,"column":17},"end":{"line":196,"column":18}},"loc":{"start":{"line":196,"column":23},"end":{"line":196,"column":25}},"line":196},"46":{"name":"(anonymous_46)","decl":{"start":{"line":197,"column":19},"end":{"line":197,"column":20}},"loc":{"start":{"line":197,"column":25},"end":{"line":197,"column":31}},"line":197},"47":{"name":"(anonymous_47)","decl":{"start":{"line":199,"column":45},"end":{"line":199,"column":46}},"loc":{"start":{"line":199,"column":51},"end":{"line":201,"column":7}},"line":199},"48":{"name":"(anonymous_48)","decl":{"start":{"line":202,"column":56},"end":{"line":202,"column":57}},"loc":{"start":{"line":202,"column":62},"end":{"line":204,"column":7}},"line":202},"49":{"name":"(anonymous_49)","decl":{"start":{"line":206,"column":43},"end":{"line":206,"column":44}},"loc":{"start":{"line":206,"column":49},"end":{"line":234,"column":5}},"line":206},"50":{"name":"(anonymous_50)","decl":{"start":{"line":207,"column":16},"end":{"line":207,"column":17}},"loc":{"start":{"line":207,"column":24},"end":{"line":214,"column":7}},"line":207},"51":{"name":"(anonymous_51)","decl":{"start":{"line":209,"column":10},"end":{"line":209,"column":11}},"loc":{"start":{"line":209,"column":22},"end":{"line":212,"column":11}},"line":209},"52":{"name":"(anonymous_52)","decl":{"start":{"line":216,"column":16},"end":{"line":216,"column":17}},"loc":{"start":{"line":216,"column":24},"end":{"line":230,"column":7}},"line":216},"53":{"name":"(anonymous_53)","decl":{"start":{"line":223,"column":16},"end":{"line":223,"column":17}},"loc":{"start":{"line":223,"column":28},"end":{"line":225,"column":11}},"line":223},"54":{"name":"(anonymous_54)","decl":{"start":{"line":226,"column":17},"end":{"line":226,"column":18}},"loc":{"start":{"line":226,"column":22},"end":{"line":228,"column":11}},"line":226},"55":{"name":"(anonymous_55)","decl":{"start":{"line":229,"column":19},"end":{"line":229,"column":20}},"loc":{"start":{"line":229,"column":25},"end":{"line":229,"column":31}},"line":229},"56":{"name":"(anonymous_56)","decl":{"start":{"line":231,"column":59},"end":{"line":231,"column":60}},"loc":{"start":{"line":231,"column":65},"end":{"line":233,"column":7}},"line":231}},"branchMap":{},"s":{"0":1,"1":1,"2":1,"3":1,"4":1,"5":1,"6":1,"7":1,"8":1,"9":1,"10":1,"11":1,"12":1,"13":1,"14":1,"15":1,"16":1,"17":1,"18":1,"19":1,"20":1,"21":1,"22":1,"23":1,"24":1,"25":1,"26":1,"27":1,"28":1,"29":1,"30":1,"31":1,"32":1,"33":1,"34":1,"35":0,"36":1,"37":1,"38":1,"39":1,"40":1,"41":1,"42":1,"43":1,"44":1,"45":1,"46":1,"47":1,"48":1,"49":1,"50":1,"51":1,"52":1,"53":1,"54":1,"55":1,"56":1,"57":1,"58":1,"59":1,"60":1,"61":1,"62":1,"63":1,"64":1,"65":1,"66":1,"67":1,"68":1,"69":1,"70":1,"71":1,"72":0,"73":1,"74":1,"75":1,"76":1,"77":1,"78":1,"79":1,"80":1,"81":1,"82":1,"83":1,"84":1,"85":1,"86":1,"87":1,"88":1,"89":1,"90":1,"91":1,"92":1,"93":1,"94":1,"95":1,"96":1,"97":1,"98":1,"99":1,"100":1,"101":1,"102":1,"103":1,"104":1,"105":1,"106":1,"107":1,"108":1,"109":1,"110":0,"111":1,"112":1,"113":1,"114":1},"f":{"0":1,"1":1,"2":1,"3":1,"4":1,"5":1,"6":1,"7":0,"8":1,"9":1,"10":1,"11":1,"12":1,"13":1,"14":0,"15":1,"16":1,"17":1,"18":1,"19":1,"20":1,"21":1,"22":1,"23":1,"24":1,"25":1,"26":0,"27":1,"28":1,"29":1,"30":1,"31":1,"32":1,"33":0,"34":1,"35":1,"36":1,"37":1,"38":1,"39":1,"40":1,"41":1,"42":1,"43":1,"44":1,"45":0,"46":1,"47":1,"48":1,"49":1,"50":1,"51":1,"52":1,"53":0,"54":1,"55":1,"56":1},"b":{},"_coverageSchema":"43e27e138ebf9cfc5966b082cf9a028302ed4184","hash":"c0eed9d69c3c12933e0802fb9475f183e1d6c2b5","contentHash":"45970b056bb303b4ff4d2f84a41184421842ccfdc16763d71d0579ed455571d3"},"C:\\Users\\oko\\Desktop\\OpenClassroom\\Capstone Project\\Capstone-Project---DevTrainingWithAndela---Teamwork\\backend\\src\\routes\\index.route.spec.js":{"path":"C:\\Users\\oko\\Desktop\\OpenClassroom\\Capstone Project\\Capstone-Project---DevTrainingWithAndela---Teamwork\\backend\\src\\routes\\index.route.spec.js","statementMap":{"0":{"start":{"line":1,"column":14},"end":{"line":1,"column":30}},"1":{"start":{"line":2,"column":20},"end":{"line":2,"column":54}},"2":{"start":{"line":5,"column":0},"end":{"line":24,"column":3}},"3":{"start":{"line":6,"column":2},"end":{"line":6,"column":12}},"4":{"start":{"line":7,"column":2},"end":{"line":23,"column":5}},"5":{"start":{"line":8,"column":4},"end":{"line":19,"column":7}},"6":{"start":{"line":9,"column":6},"end":{"line":18,"column":11}},"7":{"start":{"line":11,"column":10},"end":{"line":11,"column":40}},"8":{"start":{"line":14,"column":10},"end":{"line":14,"column":42}},"9":{"start":{"line":17,"column":10},"end":{"line":17,"column":17}},"10":{"start":{"line":20,"column":4},"end":{"line":22,"column":7}},"11":{"start":{"line":21,"column":6},"end":{"line":21,"column":36}}},"fnMap":{"0":{"name":"(anonymous_0)","decl":{"start":{"line":5,"column":24},"end":{"line":5,"column":25}},"loc":{"start":{"line":5,"column":30},"end":{"line":24,"column":1}},"line":5},"1":{"name":"(anonymous_1)","decl":{"start":{"line":7,"column":20},"end":{"line":7,"column":21}},"loc":{"start":{"line":7,"column":26},"end":{"line":23,"column":3}},"line":7},"2":{"name":"(anonymous_2)","decl":{"start":{"line":8,"column":14},"end":{"line":8,"column":15}},"loc":{"start":{"line":8,"column":22},"end":{"line":19,"column":5}},"line":8},"3":{"name":"(anonymous_3)","decl":{"start":{"line":10,"column":14},"end":{"line":10,"column":15}},"loc":{"start":{"line":10,"column":26},"end":{"line":12,"column":9}},"line":10},"4":{"name":"(anonymous_4)","decl":{"start":{"line":13,"column":15},"end":{"line":13,"column":16}},"loc":{"start":{"line":13,"column":20},"end":{"line":15,"column":9}},"line":13},"5":{"name":"(anonymous_5)","decl":{"start":{"line":16,"column":17},"end":{"line":16,"column":18}},"loc":{"start":{"line":16,"column":23},"end":{"line":18,"column":9}},"line":16},"6":{"name":"(anonymous_6)","decl":{"start":{"line":20,"column":41},"end":{"line":20,"column":42}},"loc":{"start":{"line":20,"column":47},"end":{"line":22,"column":5}},"line":20}},"branchMap":{},"s":{"0":1,"1":1,"2":1,"3":1,"4":1,"5":1,"6":1,"7":1,"8":0,"9":1,"10":1,"11":1},"f":{"0":1,"1":1,"2":1,"3":1,"4":0,"5":1,"6":1},"b":{},"_coverageSchema":"43e27e138ebf9cfc5966b082cf9a028302ed4184","hash":"699fbc00ef08564eee3c5cf60dc3b29f6662c3dd","contentHash":"3d6e2efe730797e5b7393fd951e564dbb63454b036d30fc61d108d58ba5dfe17"},"C:\\Users\\oko\\Desktop\\OpenClassroom\\Capstone Project\\Capstone-Project---DevTrainingWithAndela---Teamwork\\backend\\src\\services\\auth.service.spec.js":{"path":"C:\\Users\\oko\\Desktop\\OpenClassroom\\Capstone Project\\Capstone-Project---DevTrainingWithAndela---Teamwork\\backend\\src\\services\\auth.service.spec.js","statementMap":{"0":{"start":{"line":3,"column":24},"end":{"line":3,"column":49}},"1":{"start":{"line":5,"column":0},"end":{"line":15,"column":3}},"2":{"start":{"line":7,"column":2},"end":{"line":10,"column":5}},"3":{"start":{"line":8,"column":4},"end":{"line":8,"column":48}},"4":{"start":{"line":9,"column":4},"end":{"line":9,"column":11}},"5":{"start":{"line":12,"column":2},"end":{"line":14,"column":5}},"6":{"start":{"line":13,"column":4},"end":{"line":13,"column":32}}},"fnMap":{"0":{"name":"(anonymous_0)","decl":{"start":{"line":5,"column":27},"end":{"line":5,"column":28}},"loc":{"start":{"line":5,"column":33},"end":{"line":15,"column":1}},"line":5},"1":{"name":"(anonymous_1)","decl":{"start":{"line":7,"column":12},"end":{"line":7,"column":13}},"loc":{"start":{"line":7,"column":20},"end":{"line":10,"column":3}},"line":7},"2":{"name":"(anonymous_2)","decl":{"start":{"line":12,"column":66},"end":{"line":12,"column":67}},"loc":{"start":{"line":12,"column":72},"end":{"line":14,"column":3}},"line":12}},"branchMap":{},"s":{"0":1,"1":1,"2":1,"3":1,"4":1,"5":1,"6":1},"f":{"0":1,"1":1,"2":1},"b":{},"_coverageSchema":"43e27e138ebf9cfc5966b082cf9a028302ed4184","hash":"2dce3c2f22228a2a9e791c2c6f0fe2f7539488bf","contentHash":"6d1c41377d4c700ab34a8d276b521ab9b78bf9213ecfdc42643b36e1cb5e3084"},"C:\\Users\\oko\\Desktop\\OpenClassroom\\Capstone Project\\Capstone-Project---DevTrainingWithAndela---Teamwork\\backend\\src\\services\\user.service.spec.js":{"path":"C:\\Users\\oko\\Desktop\\OpenClassroom\\Capstone Project\\Capstone-Project---DevTrainingWithAndela---Teamwork\\backend\\src\\services\\user.service.spec.js","statementMap":{"0":{"start":{"line":3,"column":24},"end":{"line":3,"column":49}},"1":{"start":{"line":5,"column":0},"end":{"line":35,"column":3}},"2":{"start":{"line":7,"column":16},"end":{"line":7,"column":56}},"3":{"start":{"line":9,"column":2},"end":{"line":9,"column":12}},"4":{"start":{"line":10,"column":2},"end":{"line":23,"column":5}},"5":{"start":{"line":11,"column":25},"end":{"line":11,"column":46}},"6":{"start":{"line":12,"column":17},"end":{"line":18,"column":5}},"7":{"start":{"line":19,"column":4},"end":{"line":22,"column":7}},"8":{"start":{"line":20,"column":6},"end":{"line":20,"column":22}},"9":{"start":{"line":21,"column":6},"end":{"line":21,"column":13}},"10":{"start":{"line":24,"column":2},"end":{"line":29,"column":5}},"11":{"start":{"line":25,"column":4},"end":{"line":28,"column":7}},"12":{"start":{"line":26,"column":6},"end":{"line":26,"column":29}},"13":{"start":{"line":27,"column":6},"end":{"line":27,"column":13}},"14":{"start":{"line":30,"column":2},"end":{"line":34,"column":5}},"15":{"start":{"line":31,"column":4},"end":{"line":33,"column":7}},"16":{"start":{"line":32,"column":6},"end":{"line":32,"column":36}}},"fnMap":{"0":{"name":"(anonymous_0)","decl":{"start":{"line":5,"column":27},"end":{"line":5,"column":28}},"loc":{"start":{"line":5,"column":33},"end":{"line":35,"column":1}},"line":5},"1":{"name":"(anonymous_1)","decl":{"start":{"line":10,"column":12},"end":{"line":10,"column":13}},"loc":{"start":{"line":10,"column":20},"end":{"line":23,"column":3}},"line":10},"2":{"name":"(anonymous_2)","decl":{"start":{"line":19,"column":38},"end":{"line":19,"column":39}},"loc":{"start":{"line":19,"column":45},"end":{"line":22,"column":5}},"line":19},"3":{"name":"(anonymous_3)","decl":{"start":{"line":24,"column":12},"end":{"line":24,"column":13}},"loc":{"start":{"line":24,"column":20},"end":{"line":29,"column":3}},"line":24},"4":{"name":"(anonymous_4)","decl":{"start":{"line":25,"column":41},"end":{"line":25,"column":42}},"loc":{"start":{"line":25,"column":49},"end":{"line":28,"column":5}},"line":25},"5":{"name":"(anonymous_5)","decl":{"start":{"line":30,"column":35},"end":{"line":30,"column":36}},"loc":{"start":{"line":30,"column":41},"end":{"line":34,"column":3}},"line":30},"6":{"name":"(anonymous_6)","decl":{"start":{"line":31,"column":51},"end":{"line":31,"column":52}},"loc":{"start":{"line":31,"column":57},"end":{"line":33,"column":5}},"line":31}},"branchMap":{},"s":{"0":1,"1":1,"2":1,"3":1,"4":1,"5":1,"6":1,"7":1,"8":1,"9":1,"10":1,"11":1,"12":1,"13":1,"14":1,"15":1,"16":1},"f":{"0":1,"1":1,"2":1,"3":1,"4":1,"5":1,"6":1},"b":{},"_coverageSchema":"43e27e138ebf9cfc5966b082cf9a028302ed4184","hash":"d7695e41a5d697892ee096773b499c4a35802c7b","contentHash":"39782b0db5c70ee7ef01cbb96c0035678686719e1a356766cbc6295b3fbedeff"}}